The system is: Darwin - 17.7.0 - x86_64
Compiling the CXX compiler identification source file "CMakeCXXCompilerId.cpp" succeeded.
Compiler: /Applications/Xcode.app/Contents/Developer/Toolchains/XcodeDefault.xctoolchain/usr/bin/c++ 
Build flags: 
Id flags:  

The output was:
0


Compilation of the CXX compiler identification source "CMakeCXXCompilerId.cpp" produced "a.out"

The CXX compiler identification is AppleClang, found in "/Users/JG/Documents/Software/OpenCAP/OpenCAP/opencap/build/CMakeFiles/3.16.3/CompilerIdCXX/a.out"

Compiling the C compiler identification source file "CMakeCCompilerId.c" succeeded.
Compiler: /Applications/Xcode.app/Contents/Developer/Toolchains/XcodeDefault.xctoolchain/usr/bin/cc 
Build flags: 
Id flags:  

The output was:
0


Compilation of the C compiler identification source "CMakeCCompilerId.c" produced "a.out"

The C compiler identification is AppleClang, found in "/Users/JG/Documents/Software/OpenCAP/OpenCAP/opencap/build/CMakeFiles/3.16.3/CompilerIdC/a.out"

Determining if the CXX compiler works passed with the following output:
Change Dir: /Users/JG/Documents/Software/OpenCAP/OpenCAP/opencap/build/CMakeFiles/CMakeTmp

Run Build Command(s):/usr/bin/make cmTC_7f6d0/fast && /Applications/Xcode.app/Contents/Developer/usr/bin/make -f CMakeFiles/cmTC_7f6d0.dir/build.make CMakeFiles/cmTC_7f6d0.dir/build
Building CXX object CMakeFiles/cmTC_7f6d0.dir/testCXXCompiler.cxx.o
/Applications/Xcode.app/Contents/Developer/Toolchains/XcodeDefault.xctoolchain/usr/bin/c++     -o CMakeFiles/cmTC_7f6d0.dir/testCXXCompiler.cxx.o -c /Users/JG/Documents/Software/OpenCAP/OpenCAP/opencap/build/CMakeFiles/CMakeTmp/testCXXCompiler.cxx
Linking CXX executable cmTC_7f6d0
/usr/local/Cellar/cmake/3.16.3/bin/cmake -E cmake_link_script CMakeFiles/cmTC_7f6d0.dir/link.txt --verbose=1
/Applications/Xcode.app/Contents/Developer/Toolchains/XcodeDefault.xctoolchain/usr/bin/c++    -Wl,-search_paths_first -Wl,-headerpad_max_install_names   CMakeFiles/cmTC_7f6d0.dir/testCXXCompiler.cxx.o  -o cmTC_7f6d0 



Detecting CXX compiler ABI info compiled with the following output:
Change Dir: /Users/JG/Documents/Software/OpenCAP/OpenCAP/opencap/build/CMakeFiles/CMakeTmp

Run Build Command(s):/usr/bin/make cmTC_93163/fast && /Applications/Xcode.app/Contents/Developer/usr/bin/make -f CMakeFiles/cmTC_93163.dir/build.make CMakeFiles/cmTC_93163.dir/build
Building CXX object CMakeFiles/cmTC_93163.dir/CMakeCXXCompilerABI.cpp.o
/Applications/Xcode.app/Contents/Developer/Toolchains/XcodeDefault.xctoolchain/usr/bin/c++    -v -Wl,-v -o CMakeFiles/cmTC_93163.dir/CMakeCXXCompilerABI.cpp.o -c /usr/local/Cellar/cmake/3.16.3/share/cmake/Modules/CMakeCXXCompilerABI.cpp
Apple LLVM version 9.1.0 (clang-902.0.39.2)
Target: x86_64-apple-darwin17.7.0
Thread model: posix
InstalledDir: /Applications/Xcode.app/Contents/Developer/Toolchains/XcodeDefault.xctoolchain/usr/bin
clang: warning: -Wl,-v: 'linker' input unused [-Wunused-command-line-argument]
 "/Applications/Xcode.app/Contents/Developer/Toolchains/XcodeDefault.xctoolchain/usr/bin/clang" -cc1 -triple x86_64-apple-macosx10.13.0 -Wdeprecated-objc-isa-usage -Werror=deprecated-objc-isa-usage -emit-obj -mrelax-all -disable-free -disable-llvm-verifier -discard-value-names -main-file-name CMakeCXXCompilerABI.cpp -mrelocation-model pic -pic-level 2 -mthread-model posix -mdisable-fp-elim -fno-strict-return -masm-verbose -munwind-tables -target-cpu penryn -target-linker-version 351.8 -v -dwarf-column-info -debugger-tuning=lldb -coverage-notes-file /Users/JG/Documents/Software/OpenCAP/OpenCAP/opencap/build/CMakeFiles/CMakeTmp/CMakeFiles/cmTC_93163.dir/CMakeCXXCompilerABI.cpp.gcno -resource-dir /Applications/Xcode.app/Contents/Developer/Toolchains/XcodeDefault.xctoolchain/usr/lib/clang/9.1.0 -stdlib=libc++ -fdeprecated-macro -fdebug-compilation-dir /Users/JG/Documents/Software/OpenCAP/OpenCAP/opencap/build/CMakeFiles/CMakeTmp -ferror-limit 19 -fmessage-length 0 -stack-protector 1 -fblocks -fobjc-runtime=macosx-10.13.0 -fencode-extended-block-signature -fcxx-exceptions -fexceptions -fmax-type-align=16 -fdiagnostics-show-option -o CMakeFiles/cmTC_93163.dir/CMakeCXXCompilerABI.cpp.o -x c++ /usr/local/Cellar/cmake/3.16.3/share/cmake/Modules/CMakeCXXCompilerABI.cpp
clang -cc1 version 9.1.0 (clang-902.0.39.2) default target x86_64-apple-darwin17.7.0
ignoring nonexistent directory "/usr/include/c++/v1"
#include "..." search starts here:
#include <...> search starts here:
 /Applications/Xcode.app/Contents/Developer/Toolchains/XcodeDefault.xctoolchain/usr/include/c++/v1
 /usr/local/include
 /Applications/Xcode.app/Contents/Developer/Toolchains/XcodeDefault.xctoolchain/usr/lib/clang/9.1.0/include
 /Applications/Xcode.app/Contents/Developer/Toolchains/XcodeDefault.xctoolchain/usr/include
 /usr/include
 /System/Library/Frameworks (framework directory)
 /Library/Frameworks (framework directory)
End of search list.
Linking CXX executable cmTC_93163
/usr/local/Cellar/cmake/3.16.3/bin/cmake -E cmake_link_script CMakeFiles/cmTC_93163.dir/link.txt --verbose=1
/Applications/Xcode.app/Contents/Developer/Toolchains/XcodeDefault.xctoolchain/usr/bin/c++    -Wl,-search_paths_first -Wl,-headerpad_max_install_names  -v -Wl,-v CMakeFiles/cmTC_93163.dir/CMakeCXXCompilerABI.cpp.o  -o cmTC_93163 
Apple LLVM version 9.1.0 (clang-902.0.39.2)
Target: x86_64-apple-darwin17.7.0
Thread model: posix
InstalledDir: /Applications/Xcode.app/Contents/Developer/Toolchains/XcodeDefault.xctoolchain/usr/bin
 "/Applications/Xcode.app/Contents/Developer/Toolchains/XcodeDefault.xctoolchain/usr/bin/ld" -demangle -lto_library /Applications/Xcode.app/Contents/Developer/Toolchains/XcodeDefault.xctoolchain/usr/lib/libLTO.dylib -dynamic -arch x86_64 -macosx_version_min 10.13.0 -o cmTC_93163 -search_paths_first -headerpad_max_install_names -v CMakeFiles/cmTC_93163.dir/CMakeCXXCompilerABI.cpp.o -lc++ -lSystem /Applications/Xcode.app/Contents/Developer/Toolchains/XcodeDefault.xctoolchain/usr/lib/clang/9.1.0/lib/darwin/libclang_rt.osx.a
@(#)PROGRAM:ld  PROJECT:ld64-351.8
configured to support archs: armv6 armv7 armv7s arm64 i386 x86_64 x86_64h armv6m armv7k armv7m armv7em (tvOS)
Library search paths:
	/usr/lib
	/usr/local/lib
Framework search paths:
	/Library/Frameworks/
	/System/Library/Frameworks/



Parsed CXX implicit include dir info from above output: rv=done
  found start of include info
  found start of implicit include info
    add: [/Applications/Xcode.app/Contents/Developer/Toolchains/XcodeDefault.xctoolchain/usr/include/c++/v1]
    add: [/usr/local/include]
    add: [/Applications/Xcode.app/Contents/Developer/Toolchains/XcodeDefault.xctoolchain/usr/lib/clang/9.1.0/include]
    add: [/Applications/Xcode.app/Contents/Developer/Toolchains/XcodeDefault.xctoolchain/usr/include]
    add: [/usr/include]
  end of search list found
  collapse include dir [/Applications/Xcode.app/Contents/Developer/Toolchains/XcodeDefault.xctoolchain/usr/include/c++/v1] ==> [/Applications/Xcode.app/Contents/Developer/Toolchains/XcodeDefault.xctoolchain/usr/include/c++/v1]
  collapse include dir [/usr/local/include] ==> [/usr/local/include]
  collapse include dir [/Applications/Xcode.app/Contents/Developer/Toolchains/XcodeDefault.xctoolchain/usr/lib/clang/9.1.0/include] ==> [/Applications/Xcode.app/Contents/Developer/Toolchains/XcodeDefault.xctoolchain/usr/lib/clang/9.1.0/include]
  collapse include dir [/Applications/Xcode.app/Contents/Developer/Toolchains/XcodeDefault.xctoolchain/usr/include] ==> [/Applications/Xcode.app/Contents/Developer/Toolchains/XcodeDefault.xctoolchain/usr/include]
  collapse include dir [/usr/include] ==> [/usr/include]
  implicit include dirs: [/Applications/Xcode.app/Contents/Developer/Toolchains/XcodeDefault.xctoolchain/usr/include/c++/v1;/usr/local/include;/Applications/Xcode.app/Contents/Developer/Toolchains/XcodeDefault.xctoolchain/usr/lib/clang/9.1.0/include;/Applications/Xcode.app/Contents/Developer/Toolchains/XcodeDefault.xctoolchain/usr/include;/usr/include]


Parsed CXX implicit link information from above output:
  link line regex: [^( *|.*[/\])(ld|CMAKE_LINK_STARTFILE-NOTFOUND|([^/\]+-)?ld|collect2)[^/\]*( |$)]
  ignore line: [Change Dir: /Users/JG/Documents/Software/OpenCAP/OpenCAP/opencap/build/CMakeFiles/CMakeTmp]
  ignore line: []
  ignore line: [Run Build Command(s):/usr/bin/make cmTC_93163/fast && /Applications/Xcode.app/Contents/Developer/usr/bin/make -f CMakeFiles/cmTC_93163.dir/build.make CMakeFiles/cmTC_93163.dir/build]
  ignore line: [Building CXX object CMakeFiles/cmTC_93163.dir/CMakeCXXCompilerABI.cpp.o]
  ignore line: [/Applications/Xcode.app/Contents/Developer/Toolchains/XcodeDefault.xctoolchain/usr/bin/c++    -v -Wl -v -o CMakeFiles/cmTC_93163.dir/CMakeCXXCompilerABI.cpp.o -c /usr/local/Cellar/cmake/3.16.3/share/cmake/Modules/CMakeCXXCompilerABI.cpp]
  ignore line: [Apple LLVM version 9.1.0 (clang-902.0.39.2)]
  ignore line: [Target: x86_64-apple-darwin17.7.0]
  ignore line: [Thread model: posix]
  ignore line: [InstalledDir: /Applications/Xcode.app/Contents/Developer/Toolchains/XcodeDefault.xctoolchain/usr/bin]
  ignore line: [clang: warning: -Wl -v: 'linker' input unused [-Wunused-command-line-argument]]
  ignore line: [ "/Applications/Xcode.app/Contents/Developer/Toolchains/XcodeDefault.xctoolchain/usr/bin/clang" -cc1 -triple x86_64-apple-macosx10.13.0 -Wdeprecated-objc-isa-usage -Werror=deprecated-objc-isa-usage -emit-obj -mrelax-all -disable-free -disable-llvm-verifier -discard-value-names -main-file-name CMakeCXXCompilerABI.cpp -mrelocation-model pic -pic-level 2 -mthread-model posix -mdisable-fp-elim -fno-strict-return -masm-verbose -munwind-tables -target-cpu penryn -target-linker-version 351.8 -v -dwarf-column-info -debugger-tuning=lldb -coverage-notes-file /Users/JG/Documents/Software/OpenCAP/OpenCAP/opencap/build/CMakeFiles/CMakeTmp/CMakeFiles/cmTC_93163.dir/CMakeCXXCompilerABI.cpp.gcno -resource-dir /Applications/Xcode.app/Contents/Developer/Toolchains/XcodeDefault.xctoolchain/usr/lib/clang/9.1.0 -stdlib=libc++ -fdeprecated-macro -fdebug-compilation-dir /Users/JG/Documents/Software/OpenCAP/OpenCAP/opencap/build/CMakeFiles/CMakeTmp -ferror-limit 19 -fmessage-length 0 -stack-protector 1 -fblocks -fobjc-runtime=macosx-10.13.0 -fencode-extended-block-signature -fcxx-exceptions -fexceptions -fmax-type-align=16 -fdiagnostics-show-option -o CMakeFiles/cmTC_93163.dir/CMakeCXXCompilerABI.cpp.o -x c++ /usr/local/Cellar/cmake/3.16.3/share/cmake/Modules/CMakeCXXCompilerABI.cpp]
  ignore line: [clang -cc1 version 9.1.0 (clang-902.0.39.2) default target x86_64-apple-darwin17.7.0]
  ignore line: [ignoring nonexistent directory "/usr/include/c++/v1"]
  ignore line: [#include "..." search starts here:]
  ignore line: [#include <...> search starts here:]
  ignore line: [ /Applications/Xcode.app/Contents/Developer/Toolchains/XcodeDefault.xctoolchain/usr/include/c++/v1]
  ignore line: [ /usr/local/include]
  ignore line: [ /Applications/Xcode.app/Contents/Developer/Toolchains/XcodeDefault.xctoolchain/usr/lib/clang/9.1.0/include]
  ignore line: [ /Applications/Xcode.app/Contents/Developer/Toolchains/XcodeDefault.xctoolchain/usr/include]
  ignore line: [ /usr/include]
  ignore line: [ /System/Library/Frameworks (framework directory)]
  ignore line: [ /Library/Frameworks (framework directory)]
  ignore line: [End of search list.]
  ignore line: [Linking CXX executable cmTC_93163]
  ignore line: [/usr/local/Cellar/cmake/3.16.3/bin/cmake -E cmake_link_script CMakeFiles/cmTC_93163.dir/link.txt --verbose=1]
  ignore line: [/Applications/Xcode.app/Contents/Developer/Toolchains/XcodeDefault.xctoolchain/usr/bin/c++    -Wl -search_paths_first -Wl -headerpad_max_install_names  -v -Wl -v CMakeFiles/cmTC_93163.dir/CMakeCXXCompilerABI.cpp.o  -o cmTC_93163 ]
  ignore line: [Apple LLVM version 9.1.0 (clang-902.0.39.2)]
  ignore line: [Target: x86_64-apple-darwin17.7.0]
  ignore line: [Thread model: posix]
  ignore line: [InstalledDir: /Applications/Xcode.app/Contents/Developer/Toolchains/XcodeDefault.xctoolchain/usr/bin]
  link line: [ "/Applications/Xcode.app/Contents/Developer/Toolchains/XcodeDefault.xctoolchain/usr/bin/ld" -demangle -lto_library /Applications/Xcode.app/Contents/Developer/Toolchains/XcodeDefault.xctoolchain/usr/lib/libLTO.dylib -dynamic -arch x86_64 -macosx_version_min 10.13.0 -o cmTC_93163 -search_paths_first -headerpad_max_install_names -v CMakeFiles/cmTC_93163.dir/CMakeCXXCompilerABI.cpp.o -lc++ -lSystem /Applications/Xcode.app/Contents/Developer/Toolchains/XcodeDefault.xctoolchain/usr/lib/clang/9.1.0/lib/darwin/libclang_rt.osx.a]
    arg [/Applications/Xcode.app/Contents/Developer/Toolchains/XcodeDefault.xctoolchain/usr/bin/ld] ==> ignore
    arg [-demangle] ==> ignore
    arg [-lto_library] ==> ignore, skip following value
    arg [/Applications/Xcode.app/Contents/Developer/Toolchains/XcodeDefault.xctoolchain/usr/lib/libLTO.dylib] ==> skip value of -lto_library
    arg [-dynamic] ==> ignore
    arg [-arch] ==> ignore
    arg [x86_64] ==> ignore
    arg [-macosx_version_min] ==> ignore
    arg [10.13.0] ==> ignore
    arg [-o] ==> ignore
    arg [cmTC_93163] ==> ignore
    arg [-search_paths_first] ==> ignore
    arg [-headerpad_max_install_names] ==> ignore
    arg [-v] ==> ignore
    arg [CMakeFiles/cmTC_93163.dir/CMakeCXXCompilerABI.cpp.o] ==> ignore
    arg [-lc++] ==> lib [c++]
    arg [-lSystem] ==> lib [System]
    arg [/Applications/Xcode.app/Contents/Developer/Toolchains/XcodeDefault.xctoolchain/usr/lib/clang/9.1.0/lib/darwin/libclang_rt.osx.a] ==> lib [/Applications/Xcode.app/Contents/Developer/Toolchains/XcodeDefault.xctoolchain/usr/lib/clang/9.1.0/lib/darwin/libclang_rt.osx.a]
  Library search paths: [;/usr/lib;/usr/local/lib]
  Framework search paths: [;/Library/Frameworks/;/System/Library/Frameworks/]
  remove lib [System]
  remove lib [/Applications/Xcode.app/Contents/Developer/Toolchains/XcodeDefault.xctoolchain/usr/lib/clang/9.1.0/lib/darwin/libclang_rt.osx.a]
  collapse library dir [/usr/lib] ==> [/usr/lib]
  collapse library dir [/usr/local/lib] ==> [/usr/local/lib]
  collapse framework dir [/Library/Frameworks/] ==> [/Library/Frameworks]
  collapse framework dir [/System/Library/Frameworks/] ==> [/System/Library/Frameworks]
  implicit libs: [c++]
  implicit dirs: [/usr/lib;/usr/local/lib]
  implicit fwks: [/Library/Frameworks;/System/Library/Frameworks]


Determining if the C compiler works passed with the following output:
Change Dir: /Users/JG/Documents/Software/OpenCAP/OpenCAP/opencap/build/CMakeFiles/CMakeTmp

Run Build Command(s):/usr/bin/make cmTC_6efed/fast && /Applications/Xcode.app/Contents/Developer/usr/bin/make -f CMakeFiles/cmTC_6efed.dir/build.make CMakeFiles/cmTC_6efed.dir/build
Building C object CMakeFiles/cmTC_6efed.dir/testCCompiler.c.o
/Applications/Xcode.app/Contents/Developer/Toolchains/XcodeDefault.xctoolchain/usr/bin/cc    -o CMakeFiles/cmTC_6efed.dir/testCCompiler.c.o   -c /Users/JG/Documents/Software/OpenCAP/OpenCAP/opencap/build/CMakeFiles/CMakeTmp/testCCompiler.c
Linking C executable cmTC_6efed
/usr/local/Cellar/cmake/3.16.3/bin/cmake -E cmake_link_script CMakeFiles/cmTC_6efed.dir/link.txt --verbose=1
/Applications/Xcode.app/Contents/Developer/Toolchains/XcodeDefault.xctoolchain/usr/bin/cc   -Wl,-search_paths_first -Wl,-headerpad_max_install_names   CMakeFiles/cmTC_6efed.dir/testCCompiler.c.o  -o cmTC_6efed 



Detecting C compiler ABI info compiled with the following output:
Change Dir: /Users/JG/Documents/Software/OpenCAP/OpenCAP/opencap/build/CMakeFiles/CMakeTmp

Run Build Command(s):/usr/bin/make cmTC_c9721/fast && /Applications/Xcode.app/Contents/Developer/usr/bin/make -f CMakeFiles/cmTC_c9721.dir/build.make CMakeFiles/cmTC_c9721.dir/build
Building C object CMakeFiles/cmTC_c9721.dir/CMakeCCompilerABI.c.o
/Applications/Xcode.app/Contents/Developer/Toolchains/XcodeDefault.xctoolchain/usr/bin/cc   -v -Wl,-v -o CMakeFiles/cmTC_c9721.dir/CMakeCCompilerABI.c.o   -c /usr/local/Cellar/cmake/3.16.3/share/cmake/Modules/CMakeCCompilerABI.c
Apple LLVM version 9.1.0 (clang-902.0.39.2)
Target: x86_64-apple-darwin17.7.0
Thread model: posix
InstalledDir: /Applications/Xcode.app/Contents/Developer/Toolchains/XcodeDefault.xctoolchain/usr/bin
clang: warning: -Wl,-v: 'linker' input unused [-Wunused-command-line-argument]
 "/Applications/Xcode.app/Contents/Developer/Toolchains/XcodeDefault.xctoolchain/usr/bin/clang" -cc1 -triple x86_64-apple-macosx10.13.0 -Wdeprecated-objc-isa-usage -Werror=deprecated-objc-isa-usage -emit-obj -mrelax-all -disable-free -disable-llvm-verifier -discard-value-names -main-file-name CMakeCCompilerABI.c -mrelocation-model pic -pic-level 2 -mthread-model posix -mdisable-fp-elim -fno-strict-return -masm-verbose -munwind-tables -target-cpu penryn -target-linker-version 351.8 -v -dwarf-column-info -debugger-tuning=lldb -coverage-notes-file /Users/JG/Documents/Software/OpenCAP/OpenCAP/opencap/build/CMakeFiles/CMakeTmp/CMakeFiles/cmTC_c9721.dir/CMakeCCompilerABI.c.gcno -resource-dir /Applications/Xcode.app/Contents/Developer/Toolchains/XcodeDefault.xctoolchain/usr/lib/clang/9.1.0 -fdebug-compilation-dir /Users/JG/Documents/Software/OpenCAP/OpenCAP/opencap/build/CMakeFiles/CMakeTmp -ferror-limit 19 -fmessage-length 0 -stack-protector 1 -fblocks -fobjc-runtime=macosx-10.13.0 -fencode-extended-block-signature -fmax-type-align=16 -fdiagnostics-show-option -o CMakeFiles/cmTC_c9721.dir/CMakeCCompilerABI.c.o -x c /usr/local/Cellar/cmake/3.16.3/share/cmake/Modules/CMakeCCompilerABI.c
clang -cc1 version 9.1.0 (clang-902.0.39.2) default target x86_64-apple-darwin17.7.0
#include "..." search starts here:
#include <...> search starts here:
 /usr/local/include
 /Applications/Xcode.app/Contents/Developer/Toolchains/XcodeDefault.xctoolchain/usr/lib/clang/9.1.0/include
 /Applications/Xcode.app/Contents/Developer/Toolchains/XcodeDefault.xctoolchain/usr/include
 /usr/include
 /System/Library/Frameworks (framework directory)
 /Library/Frameworks (framework directory)
End of search list.
Linking C executable cmTC_c9721
/usr/local/Cellar/cmake/3.16.3/bin/cmake -E cmake_link_script CMakeFiles/cmTC_c9721.dir/link.txt --verbose=1
/Applications/Xcode.app/Contents/Developer/Toolchains/XcodeDefault.xctoolchain/usr/bin/cc   -Wl,-search_paths_first -Wl,-headerpad_max_install_names  -v -Wl,-v CMakeFiles/cmTC_c9721.dir/CMakeCCompilerABI.c.o  -o cmTC_c9721 
Apple LLVM version 9.1.0 (clang-902.0.39.2)
Target: x86_64-apple-darwin17.7.0
Thread model: posix
InstalledDir: /Applications/Xcode.app/Contents/Developer/Toolchains/XcodeDefault.xctoolchain/usr/bin
 "/Applications/Xcode.app/Contents/Developer/Toolchains/XcodeDefault.xctoolchain/usr/bin/ld" -demangle -lto_library /Applications/Xcode.app/Contents/Developer/Toolchains/XcodeDefault.xctoolchain/usr/lib/libLTO.dylib -dynamic -arch x86_64 -macosx_version_min 10.13.0 -o cmTC_c9721 -search_paths_first -headerpad_max_install_names -v CMakeFiles/cmTC_c9721.dir/CMakeCCompilerABI.c.o -lSystem /Applications/Xcode.app/Contents/Developer/Toolchains/XcodeDefault.xctoolchain/usr/lib/clang/9.1.0/lib/darwin/libclang_rt.osx.a
@(#)PROGRAM:ld  PROJECT:ld64-351.8
configured to support archs: armv6 armv7 armv7s arm64 i386 x86_64 x86_64h armv6m armv7k armv7m armv7em (tvOS)
Library search paths:
	/usr/lib
	/usr/local/lib
Framework search paths:
	/Library/Frameworks/
	/System/Library/Frameworks/



Parsed C implicit include dir info from above output: rv=done
  found start of include info
  found start of implicit include info
    add: [/usr/local/include]
    add: [/Applications/Xcode.app/Contents/Developer/Toolchains/XcodeDefault.xctoolchain/usr/lib/clang/9.1.0/include]
    add: [/Applications/Xcode.app/Contents/Developer/Toolchains/XcodeDefault.xctoolchain/usr/include]
    add: [/usr/include]
  end of search list found
  collapse include dir [/usr/local/include] ==> [/usr/local/include]
  collapse include dir [/Applications/Xcode.app/Contents/Developer/Toolchains/XcodeDefault.xctoolchain/usr/lib/clang/9.1.0/include] ==> [/Applications/Xcode.app/Contents/Developer/Toolchains/XcodeDefault.xctoolchain/usr/lib/clang/9.1.0/include]
  collapse include dir [/Applications/Xcode.app/Contents/Developer/Toolchains/XcodeDefault.xctoolchain/usr/include] ==> [/Applications/Xcode.app/Contents/Developer/Toolchains/XcodeDefault.xctoolchain/usr/include]
  collapse include dir [/usr/include] ==> [/usr/include]
  implicit include dirs: [/usr/local/include;/Applications/Xcode.app/Contents/Developer/Toolchains/XcodeDefault.xctoolchain/usr/lib/clang/9.1.0/include;/Applications/Xcode.app/Contents/Developer/Toolchains/XcodeDefault.xctoolchain/usr/include;/usr/include]


Parsed C implicit link information from above output:
  link line regex: [^( *|.*[/\])(ld|CMAKE_LINK_STARTFILE-NOTFOUND|([^/\]+-)?ld|collect2)[^/\]*( |$)]
  ignore line: [Change Dir: /Users/JG/Documents/Software/OpenCAP/OpenCAP/opencap/build/CMakeFiles/CMakeTmp]
  ignore line: []
  ignore line: [Run Build Command(s):/usr/bin/make cmTC_c9721/fast && /Applications/Xcode.app/Contents/Developer/usr/bin/make -f CMakeFiles/cmTC_c9721.dir/build.make CMakeFiles/cmTC_c9721.dir/build]
  ignore line: [Building C object CMakeFiles/cmTC_c9721.dir/CMakeCCompilerABI.c.o]
  ignore line: [/Applications/Xcode.app/Contents/Developer/Toolchains/XcodeDefault.xctoolchain/usr/bin/cc   -v -Wl -v -o CMakeFiles/cmTC_c9721.dir/CMakeCCompilerABI.c.o   -c /usr/local/Cellar/cmake/3.16.3/share/cmake/Modules/CMakeCCompilerABI.c]
  ignore line: [Apple LLVM version 9.1.0 (clang-902.0.39.2)]
  ignore line: [Target: x86_64-apple-darwin17.7.0]
  ignore line: [Thread model: posix]
  ignore line: [InstalledDir: /Applications/Xcode.app/Contents/Developer/Toolchains/XcodeDefault.xctoolchain/usr/bin]
  ignore line: [clang: warning: -Wl -v: 'linker' input unused [-Wunused-command-line-argument]]
  ignore line: [ "/Applications/Xcode.app/Contents/Developer/Toolchains/XcodeDefault.xctoolchain/usr/bin/clang" -cc1 -triple x86_64-apple-macosx10.13.0 -Wdeprecated-objc-isa-usage -Werror=deprecated-objc-isa-usage -emit-obj -mrelax-all -disable-free -disable-llvm-verifier -discard-value-names -main-file-name CMakeCCompilerABI.c -mrelocation-model pic -pic-level 2 -mthread-model posix -mdisable-fp-elim -fno-strict-return -masm-verbose -munwind-tables -target-cpu penryn -target-linker-version 351.8 -v -dwarf-column-info -debugger-tuning=lldb -coverage-notes-file /Users/JG/Documents/Software/OpenCAP/OpenCAP/opencap/build/CMakeFiles/CMakeTmp/CMakeFiles/cmTC_c9721.dir/CMakeCCompilerABI.c.gcno -resource-dir /Applications/Xcode.app/Contents/Developer/Toolchains/XcodeDefault.xctoolchain/usr/lib/clang/9.1.0 -fdebug-compilation-dir /Users/JG/Documents/Software/OpenCAP/OpenCAP/opencap/build/CMakeFiles/CMakeTmp -ferror-limit 19 -fmessage-length 0 -stack-protector 1 -fblocks -fobjc-runtime=macosx-10.13.0 -fencode-extended-block-signature -fmax-type-align=16 -fdiagnostics-show-option -o CMakeFiles/cmTC_c9721.dir/CMakeCCompilerABI.c.o -x c /usr/local/Cellar/cmake/3.16.3/share/cmake/Modules/CMakeCCompilerABI.c]
  ignore line: [clang -cc1 version 9.1.0 (clang-902.0.39.2) default target x86_64-apple-darwin17.7.0]
  ignore line: [#include "..." search starts here:]
  ignore line: [#include <...> search starts here:]
  ignore line: [ /usr/local/include]
  ignore line: [ /Applications/Xcode.app/Contents/Developer/Toolchains/XcodeDefault.xctoolchain/usr/lib/clang/9.1.0/include]
  ignore line: [ /Applications/Xcode.app/Contents/Developer/Toolchains/XcodeDefault.xctoolchain/usr/include]
  ignore line: [ /usr/include]
  ignore line: [ /System/Library/Frameworks (framework directory)]
  ignore line: [ /Library/Frameworks (framework directory)]
  ignore line: [End of search list.]
  ignore line: [Linking C executable cmTC_c9721]
  ignore line: [/usr/local/Cellar/cmake/3.16.3/bin/cmake -E cmake_link_script CMakeFiles/cmTC_c9721.dir/link.txt --verbose=1]
  ignore line: [/Applications/Xcode.app/Contents/Developer/Toolchains/XcodeDefault.xctoolchain/usr/bin/cc   -Wl -search_paths_first -Wl -headerpad_max_install_names  -v -Wl -v CMakeFiles/cmTC_c9721.dir/CMakeCCompilerABI.c.o  -o cmTC_c9721 ]
  ignore line: [Apple LLVM version 9.1.0 (clang-902.0.39.2)]
  ignore line: [Target: x86_64-apple-darwin17.7.0]
  ignore line: [Thread model: posix]
  ignore line: [InstalledDir: /Applications/Xcode.app/Contents/Developer/Toolchains/XcodeDefault.xctoolchain/usr/bin]
  link line: [ "/Applications/Xcode.app/Contents/Developer/Toolchains/XcodeDefault.xctoolchain/usr/bin/ld" -demangle -lto_library /Applications/Xcode.app/Contents/Developer/Toolchains/XcodeDefault.xctoolchain/usr/lib/libLTO.dylib -dynamic -arch x86_64 -macosx_version_min 10.13.0 -o cmTC_c9721 -search_paths_first -headerpad_max_install_names -v CMakeFiles/cmTC_c9721.dir/CMakeCCompilerABI.c.o -lSystem /Applications/Xcode.app/Contents/Developer/Toolchains/XcodeDefault.xctoolchain/usr/lib/clang/9.1.0/lib/darwin/libclang_rt.osx.a]
    arg [/Applications/Xcode.app/Contents/Developer/Toolchains/XcodeDefault.xctoolchain/usr/bin/ld] ==> ignore
    arg [-demangle] ==> ignore
    arg [-lto_library] ==> ignore, skip following value
    arg [/Applications/Xcode.app/Contents/Developer/Toolchains/XcodeDefault.xctoolchain/usr/lib/libLTO.dylib] ==> skip value of -lto_library
    arg [-dynamic] ==> ignore
    arg [-arch] ==> ignore
    arg [x86_64] ==> ignore
    arg [-macosx_version_min] ==> ignore
    arg [10.13.0] ==> ignore
    arg [-o] ==> ignore
    arg [cmTC_c9721] ==> ignore
    arg [-search_paths_first] ==> ignore
    arg [-headerpad_max_install_names] ==> ignore
    arg [-v] ==> ignore
    arg [CMakeFiles/cmTC_c9721.dir/CMakeCCompilerABI.c.o] ==> ignore
    arg [-lSystem] ==> lib [System]
    arg [/Applications/Xcode.app/Contents/Developer/Toolchains/XcodeDefault.xctoolchain/usr/lib/clang/9.1.0/lib/darwin/libclang_rt.osx.a] ==> lib [/Applications/Xcode.app/Contents/Developer/Toolchains/XcodeDefault.xctoolchain/usr/lib/clang/9.1.0/lib/darwin/libclang_rt.osx.a]
  Library search paths: [;/usr/lib;/usr/local/lib]
  Framework search paths: [;/Library/Frameworks/;/System/Library/Frameworks/]
  remove lib [System]
  remove lib [/Applications/Xcode.app/Contents/Developer/Toolchains/XcodeDefault.xctoolchain/usr/lib/clang/9.1.0/lib/darwin/libclang_rt.osx.a]
  collapse library dir [/usr/lib] ==> [/usr/lib]
  collapse library dir [/usr/local/lib] ==> [/usr/local/lib]
  collapse framework dir [/Library/Frameworks/] ==> [/Library/Frameworks]
  collapse framework dir [/System/Library/Frameworks/] ==> [/System/Library/Frameworks]
  implicit libs: []
  implicit dirs: [/usr/lib;/usr/local/lib]
  implicit fwks: [/Library/Frameworks;/System/Library/Frameworks]


Performing C++ SOURCE FILE Test COMPILER_HAS_HIDDEN_VISIBILITY succeeded with the following output:
Change Dir: /Users/JG/Documents/Software/OpenCAP/OpenCAP/opencap/build/CMakeFiles/CMakeTmp

Run Build Command(s):/usr/bin/make cmTC_ad4fe/fast && /Applications/Xcode.app/Contents/Developer/usr/bin/make -f CMakeFiles/cmTC_ad4fe.dir/build.make CMakeFiles/cmTC_ad4fe.dir/build
Building CXX object CMakeFiles/cmTC_ad4fe.dir/src.cxx.o
/Applications/Xcode.app/Contents/Developer/Toolchains/XcodeDefault.xctoolchain/usr/bin/c++    -DCOMPILER_HAS_HIDDEN_VISIBILITY   -fvisibility=hidden -o CMakeFiles/cmTC_ad4fe.dir/src.cxx.o -c /Users/JG/Documents/Software/OpenCAP/OpenCAP/opencap/build/CMakeFiles/CMakeTmp/src.cxx
Linking CXX executable cmTC_ad4fe
/usr/local/Cellar/cmake/3.16.3/bin/cmake -E cmake_link_script CMakeFiles/cmTC_ad4fe.dir/link.txt --verbose=1
/Applications/Xcode.app/Contents/Developer/Toolchains/XcodeDefault.xctoolchain/usr/bin/c++   -DCOMPILER_HAS_HIDDEN_VISIBILITY -Wl,-search_paths_first -Wl,-headerpad_max_install_names   CMakeFiles/cmTC_ad4fe.dir/src.cxx.o  -o cmTC_ad4fe 


Source file was:
int main() { return 0; }
Performing C++ SOURCE FILE Test COMPILER_HAS_HIDDEN_INLINE_VISIBILITY succeeded with the following output:
Change Dir: /Users/JG/Documents/Software/OpenCAP/OpenCAP/opencap/build/CMakeFiles/CMakeTmp

Run Build Command(s):/usr/bin/make cmTC_8e9db/fast && /Applications/Xcode.app/Contents/Developer/usr/bin/make -f CMakeFiles/cmTC_8e9db.dir/build.make CMakeFiles/cmTC_8e9db.dir/build
Building CXX object CMakeFiles/cmTC_8e9db.dir/src.cxx.o
/Applications/Xcode.app/Contents/Developer/Toolchains/XcodeDefault.xctoolchain/usr/bin/c++    -DCOMPILER_HAS_HIDDEN_INLINE_VISIBILITY   -fvisibility-inlines-hidden -o CMakeFiles/cmTC_8e9db.dir/src.cxx.o -c /Users/JG/Documents/Software/OpenCAP/OpenCAP/opencap/build/CMakeFiles/CMakeTmp/src.cxx
Linking CXX executable cmTC_8e9db
/usr/local/Cellar/cmake/3.16.3/bin/cmake -E cmake_link_script CMakeFiles/cmTC_8e9db.dir/link.txt --verbose=1
/Applications/Xcode.app/Contents/Developer/Toolchains/XcodeDefault.xctoolchain/usr/bin/c++   -DCOMPILER_HAS_HIDDEN_INLINE_VISIBILITY -Wl,-search_paths_first -Wl,-headerpad_max_install_names   CMakeFiles/cmTC_8e9db.dir/src.cxx.o  -o cmTC_8e9db 


Source file was:
int main() { return 0; }
Performing C++ SOURCE FILE Test COMPILER_HAS_DEPRECATED_ATTR succeeded with the following output:
Change Dir: /Users/JG/Documents/Software/OpenCAP/OpenCAP/opencap/build/CMakeFiles/CMakeTmp

Run Build Command(s):/usr/bin/make cmTC_75e3a/fast && /Applications/Xcode.app/Contents/Developer/usr/bin/make -f CMakeFiles/cmTC_75e3a.dir/build.make CMakeFiles/cmTC_75e3a.dir/build
Building CXX object CMakeFiles/cmTC_75e3a.dir/src.cxx.o
/Applications/Xcode.app/Contents/Developer/Toolchains/XcodeDefault.xctoolchain/usr/bin/c++    -DCOMPILER_HAS_DEPRECATED_ATTR   -o CMakeFiles/cmTC_75e3a.dir/src.cxx.o -c /Users/JG/Documents/Software/OpenCAP/OpenCAP/opencap/build/CMakeFiles/CMakeTmp/src.cxx
/Users/JG/Documents/Software/OpenCAP/OpenCAP/opencap/build/CMakeFiles/CMakeTmp/src.cxx:2:25: warning: 'somefunc' is deprecated [-Wdeprecated-declarations]
    int main() { return somefunc();}
                        ^
/Users/JG/Documents/Software/OpenCAP/OpenCAP/opencap/build/CMakeFiles/CMakeTmp/src.cxx:1:16: note: 'somefunc' has been explicitly marked deprecated here
__attribute__((__deprecated__)) int somefunc() { return 0; }
               ^
1 warning generated.
Linking CXX executable cmTC_75e3a
/usr/local/Cellar/cmake/3.16.3/bin/cmake -E cmake_link_script CMakeFiles/cmTC_75e3a.dir/link.txt --verbose=1
/Applications/Xcode.app/Contents/Developer/Toolchains/XcodeDefault.xctoolchain/usr/bin/c++   -DCOMPILER_HAS_DEPRECATED_ATTR -Wl,-search_paths_first -Wl,-headerpad_max_install_names   CMakeFiles/cmTC_75e3a.dir/src.cxx.o  -o cmTC_75e3a 


Source file was:
__attribute__((__deprecated__)) int somefunc() { return 0; }
    int main() { return somefunc();}
Determining if the include file pthread.h exists passed with the following output:
Change Dir: /Users/JG/Documents/Software/OpenCAP/OpenCAP/opencap/build/CMakeFiles/CMakeTmp

Run Build Command(s):/usr/bin/make cmTC_f971e/fast && /Applications/Xcode.app/Contents/Developer/usr/bin/make -f CMakeFiles/cmTC_f971e.dir/build.make CMakeFiles/cmTC_f971e.dir/build
Building C object CMakeFiles/cmTC_f971e.dir/CheckIncludeFile.c.o
/Applications/Xcode.app/Contents/Developer/Toolchains/XcodeDefault.xctoolchain/usr/bin/cc    -o CMakeFiles/cmTC_f971e.dir/CheckIncludeFile.c.o   -c /Users/JG/Documents/Software/OpenCAP/OpenCAP/opencap/build/CMakeFiles/CMakeTmp/CheckIncludeFile.c
Linking C executable cmTC_f971e
/usr/local/Cellar/cmake/3.16.3/bin/cmake -E cmake_link_script CMakeFiles/cmTC_f971e.dir/link.txt --verbose=1
/Applications/Xcode.app/Contents/Developer/Toolchains/XcodeDefault.xctoolchain/usr/bin/cc   -Wl,-search_paths_first -Wl,-headerpad_max_install_names   CMakeFiles/cmTC_f971e.dir/CheckIncludeFile.c.o  -o cmTC_f971e 



Performing C SOURCE FILE Test CMAKE_HAVE_LIBC_PTHREAD succeeded with the following output:
Change Dir: /Users/JG/Documents/Software/OpenCAP/OpenCAP/opencap/build/CMakeFiles/CMakeTmp

Run Build Command(s):/usr/bin/make cmTC_76b7f/fast && /Applications/Xcode.app/Contents/Developer/usr/bin/make -f CMakeFiles/cmTC_76b7f.dir/build.make CMakeFiles/cmTC_76b7f.dir/build
Building C object CMakeFiles/cmTC_76b7f.dir/src.c.o
/Applications/Xcode.app/Contents/Developer/Toolchains/XcodeDefault.xctoolchain/usr/bin/cc   -DCMAKE_HAVE_LIBC_PTHREAD   -o CMakeFiles/cmTC_76b7f.dir/src.c.o   -c /Users/JG/Documents/Software/OpenCAP/OpenCAP/opencap/build/CMakeFiles/CMakeTmp/src.c
Linking C executable cmTC_76b7f
/usr/local/Cellar/cmake/3.16.3/bin/cmake -E cmake_link_script CMakeFiles/cmTC_76b7f.dir/link.txt --verbose=1
/Applications/Xcode.app/Contents/Developer/Toolchains/XcodeDefault.xctoolchain/usr/bin/cc  -DCMAKE_HAVE_LIBC_PTHREAD -Wl,-search_paths_first -Wl,-headerpad_max_install_names   CMakeFiles/cmTC_76b7f.dir/src.c.o  -o cmTC_76b7f 


Source file was:
#include <pthread.h>

void* test_func(void* data)
{
  return data;
}

int main(void)
{
  pthread_t thread;
  pthread_create(&thread, NULL, test_func, NULL);
  pthread_detach(thread);
  pthread_join(thread, NULL);
  pthread_atfork(NULL, NULL, NULL);
  pthread_exit(NULL);

  return 0;
}

