Welcome to OpenCAP: An open-source program for studying resonances in molecules.
Version 1.0.3
Developed by James Gayvert and Ksenia Bravaya. Distributed under the MIT license.
For questions and support, please visit: https://github.com/gayverjr/opencap

Starting perturbative CAP calculation.
Number of basis functions:119
Successfully read in zeroth order Hamiltonian from file:n2.out
Reading densities from file:n2.fchk
Done.
Verified overlap matrix.
Calculating CAP matrix in AO basis using 4 threads.
Radial precision: 1.00e-14 Angular points: 590
Grid for atom 1 has: 148 radial points, 590 angular points, 87320 total points.
Grid for atom 2 has: 148 radial points, 590 angular points, 87320 total points.
Grid for atom 3 has: 98 radial points, 590 angular points, 57820 total points.
Integration time:2.725900
Printing out matrices required for Perturbative CAP calculation.
Number of states: 5
Zeroth order Hamiltonian
-109.3135391500    0.0000000000    0.0000000000    0.0000000000    0.0000000000
   0.0000000000 -109.2681057100    0.0000000000    0.0000000000    0.0000000000
   0.0000000000    0.0000000000 -109.2101942300    0.0000000000    0.0000000000
   0.0000000000    0.0000000000    0.0000000000 -109.0626386600    0.0000000000
   0.0000000000    0.0000000000    0.0000000000    0.0000000000 -108.9933218400
CAP matrix
-4.28708661e+01 -1.61085022e+01  1.85490073e+01  6.02368438e+00  6.49862856e-02
-1.61085022e+01 -8.72120963e+00  1.31654576e+01  6.21719425e+00 -3.78971824e-02
 1.85490073e+01  1.31654576e+01 -2.49862459e+01 -1.58165453e+01 -2.12837987e-01
 6.02368438e+00  6.21719425e+00 -1.58165453e+01 -1.64054433e+01  1.51809235e-01
 6.49862856e-02 -3.78971824e-02 -2.12837987e-01  1.51809235e-01 -1.65280759e+02
Wall time:3.09635800
Job finished: 2021-02-26 18:17:00
Thank you for using OpenCAP!
