

******** <class 'pyscf.scf.hf.RHF'> ********
method = RHF
initial guess = minao
damping factor = 0
level_shift factor = 0
DIIS = <class 'pyscf.scf.diis.CDIIS'>
diis_start_cycle = 1
diis_space = 8
SCF conv_tol = 1e-09
SCF conv_tol_grad = None
SCF max_cycles = 50
direct_scf = True
direct_scf_tol = 1e-13
chkfile to save SCF result = /home/gayverjr/be_test/tmp7i8un__z
max_memory 4000 MB (current use 87 MB)
Set gradient conv threshold to 3.16228e-05
Nelec from initial guess = 3.9998021402324784
E1 = -19.144217981259306  E_coul = 4.575860498444026
init E= -14.5683574828153
cond(S) = 612.3646213438379
    CPU time for initialize scf      0.78 sec, wall time      0.07 sec
  HOMO = -0.301171166035875  LUMO = 0.0307230083425203
  mo_energy =
[-4.69577546 -0.30117117  0.03072301  0.03072301  0.03072301  0.0401921
  0.08718898  0.08718898  0.08718898  0.20422495  0.24165588  0.24165588
  0.24165588  0.6620775   0.6620775   0.6620775   0.8523295   1.07357086
  1.07357086  1.07357086  1.07357086  1.07357086]
E1 = -19.094464177607396  E_coul = 4.524338375775753
cycle= 1 E= -14.5701258018316  delta_E= -0.00177  |g|= 0.01  |ddm|= 0.306
    CPU time for cycle= 1      0.16 sec, wall time      0.01 sec
diis-norm(errvec)=0.0188213
diis-c [-3.54241916e-04  1.00000000e+00]
  HOMO = -0.306234738699316  LUMO = 0.028875417182311
  mo_energy =
[-4.7167138  -0.30623474  0.02887542  0.02887542  0.02887542  0.04019446
  0.08365777  0.08365777  0.08365777  0.20315415  0.23816146  0.23816146
  0.23816146  0.65318683  0.65318683  0.65318683  0.84747087  1.06243171
  1.06243171  1.06243171  1.06243171  1.06243171]
E1 = -19.079484326402937  E_coul = 4.5092160162973425
cycle= 2 E= -14.5702683101056  delta_E= -0.000143  |g|= 0.00294  |ddm|= 0.0785
    CPU time for cycle= 2      0.16 sec, wall time      0.01 sec
diis-norm(errvec)=0.0056155
diis-c [-2.08731509e-07 -4.23400770e-01  1.42340077e+00]
  HOMO = -0.30831725856152  LUMO = 0.0279518620075903
  mo_energy =
[-4.7254273  -0.30831726  0.02795186  0.02795186  0.02795186  0.04015516
  0.08218556  0.08218556  0.08218556  0.20254996  0.23664011  0.23664011
  0.23664011  0.6494035   0.6494035   0.6494035   0.84529086  1.05763918
  1.05763918  1.05763918  1.05763918  1.05763918]
E1 = -19.07329904398357  E_coul = 4.503016411321526
cycle= 3 E= -14.570282632662  delta_E= -1.43e-05  |g|= 0.000174  |ddm|= 0.0291
    CPU time for cycle= 3      0.16 sec, wall time      0.01 sec
diis-norm(errvec)=0.000126908
diis-c [-4.67875527e-10  1.50032426e-01 -5.11832978e-01  1.36180055e+00]
  HOMO = -0.308295341483875  LUMO = 0.0279384255268942
  mo_energy =
[-4.72532142 -0.30829534  0.02793843  0.02793843  0.02793843  0.0401467
  0.08219567  0.08219567  0.08219567  0.20252421  0.23663861  0.23663861
  0.23663861  0.64942286  0.64942286  0.64942286  0.84527684  1.05765649
  1.05765649  1.05765649  1.05765649  1.05765649]
E1 = -19.073341639572  E_coul = 4.50305896367743
cycle= 4 E= -14.5702826758946  delta_E= -4.32e-08  |g|= 7.01e-06  |ddm|= 0.00255
    CPU time for cycle= 4      0.16 sec, wall time      0.01 sec
diis-norm(errvec)=9.15709e-06
diis-c [-5.18986401e-13 -1.71644891e-02  5.68285002e-02 -1.60139439e-01
  1.12047543e+00]
  HOMO = -0.308298833344987  LUMO = 0.0279388309976034
  mo_energy =
[-4.72531769 -0.30829883  0.02793883  0.02793883  0.02793883  0.04014859
  0.08219693  0.08219693  0.08219693  0.2025285   0.23664067  0.23664067
  0.23664067  0.64942589  0.64942589  0.64942589  0.84527994  1.05766069
  1.05766069  1.05766069  1.05766069  1.05766069]
E1 = -19.073331364281287  E_coul = 4.503048688321442
cycle= 5 E= -14.5702826759598  delta_E= -6.53e-11  |g|= 9.44e-07  |ddm|= 0.000104
    CPU time for cycle= 5      0.16 sec, wall time      0.01 sec
  HOMO = -0.308298523433804  LUMO = 0.0279387260348397
  mo_energy =
[-4.72531847 -0.30829852  0.02793873  0.02793873  0.02793873  0.04014838
  0.08219681  0.08219681  0.08219681  0.20252803  0.23664038  0.23664038
  0.23664038  0.64942543  0.64942543  0.64942543  0.84527961  1.05766011
  1.05766011  1.05766011  1.05766011  1.05766011]
E1 = -19.07333238448517  E_coul = 4.503049708524276
Extra cycle  E= -14.5702826759609  delta_E= -1.05e-12  |g|= 2.35e-07  |ddm|= 1.6e-05
    CPU time for scf_cycle      1.74 sec, wall time      0.15 sec
    CPU time for SCF      1.74 sec, wall time      0.15 sec
converged SCF energy = -14.5702826759609
tol 1e-10  toloose 1e-05
max_cycle 100  max_space 12  max_memory 3906  incore True
davidson 0 1  |r|= 0.198  e= [-14.57028267]  max|de|= -14.6  lindep= 0.00477
davidson 1 2  |r|= 0.0797  e= [-14.61154903]  max|de|= -0.0413  lindep= 0.41
davidson 2 3  |r|= 0.0168  e= [-14.61620156]  max|de|= -0.00465  lindep= 0.892
davidson 3 4  |r|= 0.00302  e= [-14.61634537]  max|de|= -0.000144  lindep= 0.913
davidson 4 5  |r|= 0.000532  e= [-14.61635084]  max|de|= -5.48e-06  lindep= 0.916
davidson 5 6  |r|= 0.000103  e= [-14.61635094]  max|de|= -1.01e-07  lindep= 0.894
davidson 6 7  |r|= 2.14e-05  e= [-14.61635095]  max|de|= -4.25e-09  lindep= 0.989
davidson 7 8  |r|= 5.53e-06  e= [-14.61635095]  max|de|= -2.07e-10  lindep= 0.927
root 0 converged  |r|= 2.99e-06  e= -14.616350949278086  max|de|= -2.85e-11
converged 8 9  |r|= 2.99e-06  e= [-14.61635095]  max|de|= -2.85e-11
Ground state energy:-14.616350949278086


******** <class 'pyscf.scf.uhf.UHF'> ********
method = UHF
initial guess = minao
damping factor = 0
level_shift factor = 0
DIIS = <class 'pyscf.scf.diis.CDIIS'>
diis_start_cycle = 1
diis_space = 8
SCF conv_tol = 1e-09
SCF conv_tol_grad = None
SCF max_cycles = 50
direct_scf = True
direct_scf_tol = 1e-13
chkfile to save SCF result = /home/gayverjr/be_test/tmpt3btx_mb
max_memory 4000 MB (current use 109 MB)
number electrons alpha = 3  beta = 2
Set gradient conv threshold to 3.16228e-05
Nelec from initial guess = (1.9999010701162392, 1.9999010701162392)
E1 = -19.144217981259306  Ecoul = 4.575860498444026
init E= -14.5683574828153
cond(S) = 612.3646213438379
    CPU time for initialize scf      1.17 sec, wall time      0.08 sec

WARN: alpha nocc = 3  HOMO 0.0307230083425206 >= LUMO 0.0307230083425207

  beta  nocc = 2  HOMO = -0.301171166035876  LUMO = 0.0307230083425206

WARN: system HOMO 0.0307230083425206 >= system LUMO 0.0307230083425206

  alpha mo_energy =
[-4.69577546 -0.30117117  0.03072301  0.03072301  0.03072301  0.0401921
  0.08718898  0.08718898  0.08718898  0.20422495  0.24165588  0.24165588
  0.24165588  0.6620775   0.6620775   0.6620775   0.8523295   1.07357086
  1.07357086  1.07357086  1.07357086  1.07357086]
  beta  mo_energy =
[-4.69577546 -0.30117117  0.03072301  0.03072301  0.03072301  0.0401921
  0.08718898  0.08718898  0.08718898  0.20422495  0.24165588  0.24165588
  0.24165588  0.6620775   0.6620775   0.6620775   0.8523295   1.07357086
  1.07357086  1.07357086  1.07357086  1.07357086]
multiplicity <S^2> = 0.75  2S+1 = 2
E1 = -19.7114866211939  Ecoul = 5.170356949930889
cycle= 1 E= -14.541129671263  delta_E= 0.0272  |g|= 0.0268  |ddm|= 2.32
    CPU time for cycle= 1      0.24 sec, wall time      0.02 sec
diis-norm(errvec)=0.0536276
diis-c [-0.00287592  1.        ]
  alpha nocc = 3  HOMO = 0.028953827841027  LUMO = 0.128687795154269
  beta  nocc = 2  HOMO = -0.146891467834748  LUMO = 0.136929050996636
  alpha mo_energy =
[-4.54636833 -0.16234551  0.02895383  0.1286878   0.1306256   0.1306256
  0.19073927  0.20827053  0.20827053  0.32759331  0.36944667  0.36944667
  0.36984878  0.80186593  0.80186593  0.80543987  0.99112377  1.22181066
  1.22181066  1.22200074  1.22200074  1.22208939]
  beta  mo_energy =
[-4.54581136 -0.14689147  0.13692905  0.13692905  0.14865581  0.1498971
  0.21204583  0.21204583  0.22472564  0.33423678  0.37197507  0.37197507
  0.3843099   0.80327707  0.80327707  0.81284811  0.99433048  1.22287026
  1.22287026  1.22927161  1.22927161  1.23143907]
multiplicity <S^2> = 0.75073037  2S+1 = 2.0007302
E1 = -19.662750971996378  Ecoul = 5.119239399201541
cycle= 2 E= -14.5435115727948  delta_E= -0.00238  |g|= 0.011  |ddm|= 0.144
    CPU time for cycle= 2      0.24 sec, wall time      0.02 sec
diis-norm(errvec)=0.0223317
diis-c [-2.13150601e-04 -4.86933832e-01  1.48693383e+00]
  alpha nocc = 3  HOMO = 0.0245244533288698  LUMO = 0.129557289858903
  beta  nocc = 2  HOMO = -0.153920676933953  LUMO = 0.136280458613857
  alpha mo_energy =
[-4.57664155 -0.16739616  0.02452445  0.12955729  0.12955729  0.13019457
  0.18502269  0.2030344   0.2030344   0.32718025  0.36454097  0.36495974
  0.36495974  0.7893799   0.7893799   0.79244603  0.98493209  1.20588022
  1.20603615  1.20603615  1.20660445  1.20660445]
  beta  mo_energy =
[-4.57692038 -0.15392068  0.13628046  0.13628046  0.14894826  0.14918792
  0.20654033  0.20654033  0.21980229  0.33288573  0.36629394  0.36629394
  0.37948395  0.79011374  0.79011374  0.8003944   0.98739909  1.20619921
  1.20619921  1.213402    1.213402    1.21586573]
multiplicity <S^2> = 0.7522512  2S+1 = 2.0022499
E1 = -19.663605045515787  Ecoul = 5.119215467671134
cycle= 3 E= -14.5443895778447  delta_E= -0.000878  |g|= 0.00556  |ddm|= 0.272
    CPU time for cycle= 3      0.24 sec, wall time      0.02 sec
diis-norm(errvec)=0.0109595
diis-c [-2.37641073e-05  4.80939221e-01 -2.19983305e+00  2.71889383e+00]
  alpha nocc = 3  HOMO = 0.0210336799447169  LUMO = 0.131997035930366
  beta  nocc = 2  HOMO = -0.141344664807949  LUMO = 0.138538964778878
  alpha mo_energy =
[-4.56247133 -0.15590835  0.02103368  0.13199704  0.13199704  0.13490581
  0.18396747  0.20951954  0.20951954  0.33381937  0.36931388  0.37331324
  0.37331324  0.79983312  0.79983312  0.80160494  0.99464605  1.21696808
  1.21744887  1.21744887  1.21907833  1.21907833]
  beta  mo_energy =
[-4.56352983 -0.14134466  0.13853896  0.13853896  0.1505871   0.15085054
  0.21398908  0.21398908  0.22905837  0.33931325  0.37393787  0.37393787
  0.38871938  0.80028323  0.80028323  0.81258855  0.99693493  1.21776196
  1.21776196  1.22739783  1.22739783  1.23070994]
multiplicity <S^2> = 0.75450558  2S+1 = 2.0045005
E1 = -19.698067796453152  Ecoul = 5.153107987619134
cycle= 4 E= -14.544959808834  delta_E= -0.00057  |g|= 0.00206  |ddm|= 0.493
    CPU time for cycle= 4      0.24 sec, wall time      0.02 sec
diis-norm(errvec)=0.0033272
diis-c [-3.58283753e-06 -2.98710794e-01  1.22645372e+00 -1.72418199e+00
  1.79643906e+00]
  alpha nocc = 3  HOMO = 0.021545702384572  LUMO = 0.13331394559496
  beta  nocc = 2  HOMO = -0.135362522339023  LUMO = 0.139532044192829
  alpha mo_energy =
[-4.55665242 -0.15192837  0.0215457   0.13331395  0.13331395  0.13701669
  0.18261433  0.21248028  0.21248028  0.33696114  0.37125244  0.37705297
  0.37705297  0.8045709   0.8045709   0.80577712  0.99921968  1.22215137
  1.2227631   1.2227631   1.22482606  1.22482606]
  beta  mo_energy =
[-4.55776533 -0.13536252  0.13953204  0.13953204  0.15118618  0.15177986
  0.21745718  0.21745718  0.23333751  0.34273759  0.37766531  0.37766531
  0.39321685  0.8050737   0.8050737   0.81826413  1.00175256  1.2233974
  1.2233974   1.23406928  1.23406928  1.23775943]
multiplicity <S^2> = 0.75468856  2S+1 = 2.0046831
E1 = -19.71094249696537  Ecoul = 5.165923523756707
cycle= 5 E= -14.5450189732087  delta_E= -5.92e-05  |g|= 0.000615  |ddm|= 0.186
    CPU time for cycle= 5      0.24 sec, wall time      0.02 sec
diis-norm(errvec)=0.00119458
diis-c [-3.60813629e-07  3.45646921e-01 -1.39603751e+00  1.96780794e+00
 -2.23686126e+00  2.31944391e+00]
  alpha nocc = 3  HOMO = 0.0212044499048887  LUMO = 0.133624990736779
  beta  nocc = 2  HOMO = -0.133575745091123  LUMO = 0.139696162906459
  alpha mo_energy =
[-4.555568   -0.15123539  0.02120445  0.13362499  0.13362499  0.13724775
  0.18268808  0.21305965  0.21305965  0.33722441  0.37165525  0.37763203
  0.37763203  0.80539435  0.80539435  0.80653408  0.99989435  1.22299258
  1.22363     1.22363     1.22577042  1.22577042]
  beta  mo_energy =
[-4.55644502 -0.13357575  0.13969616  0.13969616  0.15127673  0.1519444
  0.21810315  0.21810315  0.23413978  0.34338463  0.37848429  0.37848429
  0.39418144  0.80605799  0.80605799  0.81940368  1.00272991  1.22456372
  1.22456372  1.2354219   1.2354219   1.23917046]
multiplicity <S^2> = 0.75416697  2S+1 = 2.0041626
E1 = -19.714955783176606  Ecoul = 5.1699330527093075
cycle= 6 E= -14.5450227304673  delta_E= -3.76e-06  |g|= 0.000238  |ddm|= 0.0381
    CPU time for cycle= 6      0.24 sec, wall time      0.02 sec
diis-norm(errvec)=0.000400133
diis-c [-1.27768015e-08 -8.95090166e-02  3.19241857e-01 -4.42014268e-01
  5.92945273e-01 -9.77469280e-01  1.59680543e+00]
  alpha nocc = 3  HOMO = 0.0213726755363591  LUMO = 0.13365406517771
  beta  nocc = 2  HOMO = -0.133308636280956  LUMO = 0.139700242834308
  alpha mo_energy =
[-4.55539548 -0.15150392  0.02137268  0.13365407  0.13365407  0.13738302
  0.18249923  0.21313771  0.21313771  0.33741562  0.37159823  0.37773473
  0.37773473  0.80554713  0.80554713  0.8066138   1.00003588  1.22311651
  1.22376371  1.22376371  1.22594218  1.22594218]
  beta  mo_energy =
[-4.5561809  -0.13330864  0.13970024  0.13970024  0.15126666  0.15200102
  0.21818991  0.21818991  0.23423985  0.34360177  0.37866028  0.37866028
  0.39438515  0.80625944  0.80625944  0.81964207  1.00295491  1.22482379
  1.22482379  1.23573121  1.23573121  1.23950349]
multiplicity <S^2> = 0.75403719  2S+1 = 2.0040331
E1 = -19.714756846194923  Ecoul = 5.169733852775069
cycle= 7 E= -14.5450229934199  delta_E= -2.63e-07  |g|= 5.05e-05  |ddm|= 0.00291
    CPU time for cycle= 7      0.24 sec, wall time      0.02 sec
diis-norm(errvec)=7.42226e-05
diis-c [-3.04349061e-10  1.08988834e-02 -3.23992217e-02  3.74369147e-02
 -4.37138201e-02  9.47582496e-02 -1.90239267e-01  1.12325826e+00]
  alpha nocc = 3  HOMO = 0.0213321290879571  LUMO = 0.133638525566567
  beta  nocc = 2  HOMO = -0.133341087372574  LUMO = 0.139690693080896
  alpha mo_energy =
[-4.55547623 -0.15145004  0.02133213  0.13363853  0.13363853  0.13733828
  0.18251343  0.21311558  0.21311558  0.33734815  0.37157321  0.37768956
  0.37768956  0.805485    0.805485    0.80656153  0.99997851  1.22304962
  1.22369567  1.22369567  1.22586854  1.22586854]
  beta  mo_energy =
[-4.55626532 -0.13334109  0.13969069  0.13969069  0.15125921  0.15198356
  0.21815537  0.21815537  0.23420083  0.34354795  0.37861394  0.37861394
  0.39433271  0.80619741  0.80619741  0.81957606  1.00289849  1.22474779
  1.22474779  1.23565162  1.23565162  1.23942101]
multiplicity <S^2> = 0.75404268  2S+1 = 2.0040386
E1 = -19.714849901797383  Ecoul = 5.169826899683056
cycle= 8 E= -14.5450230021143  delta_E= -8.69e-09  |g|= 9.92e-06  |ddm|= 0.0013
    CPU time for cycle= 8      0.24 sec, wall time      0.02 sec
diis-norm(errvec)=1.21346e-05
diis-c [-5.08853295e-12 -2.99180397e-03  6.97501698e-03 -4.36509988e-03
  4.79365647e-03 -1.88273045e-02  4.86861345e-02 -4.97130522e-01
  1.46285992e+00]
  alpha nocc = 3  HOMO = 0.0213467443529246  LUMO = 0.13363218065162
  beta  nocc = 2  HOMO = -0.133371698771857  LUMO = 0.139685821174128
  alpha mo_energy =
[-4.55549409 -0.1514841   0.02134674  0.13363218  0.13363218  0.13733252
  0.18251076  0.21310278  0.21310278  0.33734106  0.37156318  0.37767486
  0.37767486  0.8054686   0.8054686   0.80654621  0.99996213  1.22303218
  1.22367784  1.22367784  1.22584954  1.22584954]
  beta  mo_energy =
[-4.55628189 -0.1333717   0.13968582  0.13968582  0.1512564   0.15197991
  0.21814047  0.21814047  0.2341819   0.34353633  0.37859902  0.37859902
  0.39431445  0.80618071  0.80618071  0.81955533  1.0028812   1.22472971
  1.22472971  1.23562917  1.23562917  1.23939725]
multiplicity <S^2> = 0.75404189  2S+1 = 2.0040378
E1 = -19.714746397899173  Ecoul = 5.169723394104837
cycle= 9 E= -14.5450230037943  delta_E= -1.68e-09  |g|= 1.77e-06  |ddm|= 0.00128
    CPU time for cycle= 9      0.24 sec, wall time      0.02 sec
diis-norm(errvec)=2.87984e-06
diis-c [-2.77260246e-14  1.17437816e+00  5.92515111e-04 -1.81957357e-03
  2.68224905e-03 -2.59790088e-03  4.38965836e-03  4.90026269e-02
 -2.26627738e-01]
  alpha nocc = 3  HOMO = 0.0213414692958751  LUMO = 0.133631912654679
  beta  nocc = 2  HOMO = -0.133372827210585  LUMO = 0.139685815892747
  alpha mo_energy =
[-4.55549727 -0.1514808   0.02134147  0.13363191  0.13363191  0.13733104
  0.18251437  0.21310221  0.21310221  0.33733917  0.37156306  0.37767377
  0.37767377  0.80546666  0.80546666  0.80654466  0.99996054  1.22302997
  1.2236756   1.2236756   1.22584718  1.22584718]
  beta  mo_energy =
[-4.55628552 -0.13337283  0.13968582  0.13968582  0.15125644  0.15197955
  0.21813954  0.21813954  0.23418101  0.34353473  0.37859761  0.37859761
  0.39431299  0.80617854  0.80617854  0.81955309  1.00287925  1.22472683
  1.22472683  1.23562619  1.23562619  1.23939418]
multiplicity <S^2> = 0.75404265  2S+1 = 2.0040386
E1 = -19.714752746826022  Ecoul = 5.16972974302413
cycle= 10 E= -14.5450230038019  delta_E= -7.56e-12  |g|= 1.43e-07  |ddm|= 2.57e-05
    CPU time for cycle= 10      0.24 sec, wall time      0.02 sec
  alpha nocc = 3  HOMO = 0.0213422028987938  LUMO = 0.133631933591257
  beta  nocc = 2  HOMO = -0.13337267301871  LUMO = 0.139685818189373
  alpha mo_energy =
[-4.55549687 -0.15148083  0.0213422   0.13363193  0.13363193  0.13733113
  0.18251376  0.21310227  0.21310227  0.33733924  0.37156302  0.37767387
  0.37767387  0.80546685  0.80546685  0.8065448   0.99996067  1.22303018
  1.22367582  1.22367582  1.22584742  1.22584742]
  beta  mo_energy =
[-4.55628509 -0.13337267  0.13968582  0.13968582  0.15125643  0.15197955
  0.21813962  0.21813962  0.23418109  0.34353481  0.37859773  0.37859773
  0.39431311  0.80617875  0.80617875  0.81955331  1.00287941  1.2247271
  1.2247271   1.23562648  1.23562648  1.23939448]
multiplicity <S^2> = 0.75404262  2S+1 = 2.0040385
E1 = -19.714752602977974  Ecoul = 5.1697295991760335
Extra cycle  E= -14.5450230038019  delta_E= -4.8e-14  |g|= 6.56e-08  |ddm|= 1.2e-06
    CPU time for scf_cycle      3.78 sec, wall time      0.30 sec
    CPU time for SCF      3.78 sec, wall time      0.30 sec
converged SCF energy = -14.5450230038019  <S^2> = 0.75404262  2S+1 = 2.0040385
tol 1e-10  toloose 1e-05
max_cycle 100  max_space 69  max_memory 3890  incore True
davidson 0 20  |r|= 0.207  e= [-14.545023   -14.54385853 -14.54385853 -14.52723422 -14.49077155
 -14.48608973 -14.48608973 -14.42354373 -14.4234399  -14.40238107
 -14.38186436 -14.37534987 -14.3746641  -14.37463342 -14.36858647
 -14.36743201 -14.3662715  -14.3502967  -14.35023165 -14.34071104]  max|de|= -14.5  lindep= 0.00818
Old state -> New state
   11     ->     9 
    9     ->    10 
   14     ->    11 
   16     ->    12 
   10     ->    13 
   13     ->    14 
   12     ->    15 
   15     ->    16 
   19     ->    17 
   17     ->    18 
   18     ->    19 
davidson 1 40  |r|= 0.118  e= [-14.58787819 -14.58721487 -14.58721487 -14.57526216 -14.53845769
 -14.53668227 -14.53668227 -14.49451919 -14.49158638 -14.4722255
 -14.46422058 -14.46232202 -14.46082398 -14.45327258 -14.44652564
 -14.4460782  -14.43028972 -14.42207394 -14.41758172 -14.41756448]  max|de|= -0.0969  lindep= 0.66
Old state -> New state
    2     ->     1 
    1     ->     2 
    6     ->     5 
    5     ->     6 
   11     ->    10 
   10     ->    11 
   13     ->    12 
   12     ->    13 
davidson 2 60  |r|= 0.0879  e= [-14.5918154  -14.59171708 -14.59171708 -14.58051476 -14.54381542
 -14.54300821 -14.54300821 -14.513999   -14.51015309 -14.49198116
 -14.47757439 -14.47729254 -14.47530682 -14.47520803 -14.4712446
 -14.46895423 -14.46177702 -14.44609026 -14.44498787 -14.44486129]  max|de|= -0.0315  lindep= 0.831
davidson 3 20  |r|= 0.0879  e= [-14.5918154  -14.59171708 -14.59171708 -14.58051476 -14.54381542
 -14.54300821 -14.54300821 -14.513999   -14.51015309 -14.49198116
 -14.47757439 -14.47729254 -14.47530682 -14.47520803 -14.4712446
 -14.46895423 -14.46177702 -14.44609026 -14.44498787 -14.44486129]  max|de|= -3.02e-14  lindep= 0.908
Old state -> New state
    2     ->     1 
    1     ->     2 
   12     ->    11 
   11     ->    12 
   18     ->    17 
   19     ->    18 
   17     ->    19 
davidson 4 40  |r|= 0.0505  e= [-14.59208722 -14.59206522 -14.59206522 -14.58085554 -14.54426223
 -14.54386485 -14.54386485 -14.51762854 -14.51464466 -14.49928845
 -14.48034327 -14.47944175 -14.47920687 -14.47697746 -14.47607278
 -14.47225418 -14.46786588 -14.45480373 -14.45447633 -14.45417637]  max|de|= -0.00982  lindep= 0.881
Old state -> New state
    6     ->     5 
    5     ->     6 
   14     ->    13 
   13     ->    14 
   19     ->    18 
   18     ->    19 
davidson 5 60  |r|= 0.0535  e= [-14.59212857 -14.59212596 -14.59212596 -14.58091117 -14.54437904
 -14.54428813 -14.54428813 -14.51953467 -14.51834006 -14.51422132
 -14.48172592 -14.48063253 -14.47993312 -14.47853258 -14.47824698
 -14.47344872 -14.4701352  -14.4628132  -14.46224855 -14.46155512]  max|de|= -0.0149  lindep= 0.703
davidson 6 20  |r|= 0.0535  e= [-14.59212857 -14.59212596 -14.59212596 -14.58091117 -14.54437904
 -14.54428813 -14.54428813 -14.51953467 -14.51834006 -14.51422132
 -14.48172592 -14.48063253 -14.47993312 -14.47853258 -14.47824698
 -14.47344872 -14.4701352  -14.4628132  -14.46224855 -14.46155512]  max|de|= 3.38e-14  lindep= 0.75
Old state -> New state
    2     ->     1 
    1     ->     2 
    6     ->     5 
    5     ->     6 
davidson 7 40  |r|= 0.0221  e= [-14.59213095 -14.59213054 -14.59213054 -14.58091719 -14.54439012
 -14.54435641 -14.54435641 -14.51987078 -14.51929871 -14.51773236
 -14.48200618 -14.48081893 -14.48019042 -14.47926056 -14.47890413
 -14.47373557 -14.47053074 -14.46546143 -14.46387202 -14.46330056]  max|de|= -0.00351  lindep= 0.84
Old state -> New state
    6     ->     5 
    5     ->     6 
   14     ->    13 
   13     ->    14 
davidson 8 60  |r|= 0.0259  e= [-14.59213153 -14.59213145 -14.59213145 -14.58091829 -14.54439235
 -14.54438265 -14.54438265 -14.51997658 -14.51967968 -14.51909354
 -14.48209382 -14.48085451 -14.48073118 -14.47997681 -14.47963299
 -14.47391485 -14.47062868 -14.46717505 -14.4645258  -14.46432476]  max|de|= -0.00171  lindep= 0.802
davidson 9 20  |r|= 0.0259  e= [-14.59213153 -14.59213145 -14.59213145 -14.58091829 -14.54439235
 -14.54438265 -14.54438265 -14.51997658 -14.51967968 -14.51909354
 -14.48209382 -14.48085451 -14.48073118 -14.47997681 -14.47963299
 -14.47391485 -14.47062868 -14.46717505 -14.4645258  -14.46432476]  max|de|= 3.55e-14  lindep= 0.847
Old state -> New state
   12     ->    11 
   11     ->    12 
davidson 10 40  |r|= 0.013  e= [-14.59213158 -14.59213156 -14.59213156 -14.58091839 -14.54439274
 -14.5443892  -14.5443892  -14.52000673 -14.51984388 -14.51950773
 -14.48212521 -14.48110758 -14.48086285 -14.48062846 -14.4799192
 -14.47399043 -14.47065919 -14.46806627 -14.46487031 -14.46477721]  max|de|= -0.000891  lindep= 0.856
Old state -> New state
   13     ->    12 
   12     ->    13 
davidson 11 60  |r|= 0.0234  e= [-14.59213159 -14.59213159 -14.59213159 -14.58091841 -14.54439283
 -14.54439174 -14.54439173 -14.52001987 -14.51995519 -14.51983601
 -14.48214645 -14.48125924 -14.48099469 -14.48086543 -14.48035492
 -14.4740385  -14.47067208 -14.46907808 -14.46513211 -14.46512832]  max|de|= -0.00101  lindep= 0.69
davidson 12 20  |r|= 0.0234  e= [-14.59213159 -14.59213159 -14.59213159 -14.58091841 -14.54439283
 -14.54439174 -14.54439173 -14.52001987 -14.51995519 -14.51983601
 -14.48214645 -14.48125924 -14.48099469 -14.48086543 -14.48035492
 -14.4740385  -14.47067208 -14.46907808 -14.46513211 -14.46512832]  max|de|= 3.2e-14  lindep= 0.736
Old state -> New state
   19     ->    18 
   18     ->    19 
davidson 13 40  |r|= 0.0108  e= [-14.59213159 -14.59213159 -14.59213159 -14.58091841 -14.54439285
 -14.54439247 -14.54439247 -14.52002344 -14.5199968  -14.5199473
 -14.48215535 -14.48136717 -14.48122466 -14.48086597 -14.48071675
 -14.47406383 -14.47067549 -14.46985172 -14.46532673 -14.46528006]  max|de|= -0.000774  lindep= 0.702
Old state -> New state
   14     ->    13 
   13     ->    14 
   19     ->    18 
   18     ->    19 
davidson 14 60  |r|= 0.0161  e= [-14.5921316  -14.59213159 -14.59213159 -14.58091841 -14.54439285
 -14.54439272 -14.54439272 -14.52002463 -14.5200121  -14.51998612
 -14.48216036 -14.48157177 -14.48154041 -14.48095721 -14.48086609
 -14.47408201 -14.47067655 -14.47042397 -14.46549798 -14.46548229]  max|de|= -0.000572  lindep= 0.796
root 0 converged  |r|= 8.24e-06  e= -14.59213159512364  max|de|= -1.6e-14
davidson 15 20  |r|= 0.0161  e= [-14.5921316  -14.59213159 -14.59213159 -14.58091841 -14.54439285
 -14.54439272 -14.54439272 -14.52002463 -14.5200121  -14.51998612
 -14.48216036 -14.48157177 -14.48154041 -14.48095721 -14.48086609
 -14.47408201 -14.47067655 -14.47042397 -14.46549798 -14.46548229]  max|de|= -2.49e-14  lindep= 0.848
Old state -> New state
    6     ->     5 
    5     ->     6 
   12     ->    11 
   11     ->    12 
   17     ->    16 
   16     ->    17 
root 3 converged  |r|= 2.98e-06  e= -14.580918408972646  max|de|= -6.42e-11
davidson 16 39  |r|= 0.00891  e= [-14.5921316  -14.5921316  -14.5921316  -14.58091841 -14.54439285
 -14.5443928  -14.5443928  -14.52002499 -14.52001876 -14.52000378
 -14.48216283 -14.4817367  -14.48172127 -14.48115313 -14.48086613
 -14.47409159 -14.47085928 -14.4706769  -14.46574375 -14.46557706]  max|de|= -0.000435  lindep= 0.763
root 1 converged  |r|= 5.04e-06  e= -14.592131595145764  max|de|= -6.85e-11
root 2 converged  |r|= 5.04e-06  e= -14.592131595145755  max|de|= -6.85e-11
davidson 17 57  |r|= 0.0159  e= [-14.5921316  -14.5921316  -14.5921316  -14.58091841 -14.54439285
 -14.54439284 -14.54439284 -14.52002514 -14.52002274 -14.52001688
 -14.4821645  -14.48183588 -14.48178373 -14.48138965 -14.48086614
 -14.47409843 -14.47136925 -14.47067704 -14.46591476 -14.46565666]  max|de|= -0.00051  lindep= 0.63
root 4 converged  |r|= 6.25e-06  e= -14.544392850222966  max|de|= -7.11e-15
davidson 18 20  |r|= 0.0159  e= [-14.5921316  -14.5921316  -14.5921316  -14.58091841 -14.54439285
 -14.54439284 -14.54439284 -14.52002514 -14.52002274 -14.52001688
 -14.4821645  -14.48183588 -14.48178373 -14.48138965 -14.48086614
 -14.47409843 -14.47136925 -14.47067704 -14.46591476 -14.46565666]  max|de|= 4.26e-14  lindep= 0.935
davidson 19 35  |r|= 0.00797  e= [-14.5921316  -14.5921316  -14.5921316  -14.58091841 -14.54439285
 -14.54439285 -14.54439285 -14.52002518 -14.52002422 -14.52002179
 -14.48216528 -14.48190381 -14.48183331 -14.48157407 -14.48086614
 -14.47410222 -14.47179107 -14.47067709 -14.46607721 -14.46570697]  max|de|= -0.000422  lindep= 0.815
davidson 20 50  |r|= 0.017  e= [-14.5921316  -14.5921316  -14.5921316  -14.58091841 -14.54439285
 -14.54439285 -14.54439285 -14.5200252  -14.52002475 -14.52002341
 -14.48216572 -14.48199222 -14.48191597 -14.48168898 -14.48086614
 -14.4741047  -14.47207564 -14.4706771  -14.46636758 -14.46574468]  max|de|= -0.00029  lindep= 0.761
davidson 21 20  |r|= 0.017  e= [-14.5921316  -14.5921316  -14.5921316  -14.58091841 -14.54439285
 -14.54439285 -14.54439285 -14.5200252  -14.52002475 -14.52002341
 -14.48216572 -14.48199222 -14.48191597 -14.48168898 -14.48086614
 -14.4741047  -14.47207564 -14.4706771  -14.46636758 -14.46574468]  max|de|= -2.31e-14  lindep= 0.786
davidson 22 35  |r|= 0.00767  e= [-14.5921316  -14.5921316  -14.5921316  -14.58091841 -14.54439285
 -14.54439285 -14.54439285 -14.5200252  -14.52002498 -14.52002422
 -14.48216592 -14.48204783 -14.48197775 -14.48177938 -14.48086614
 -14.47410604 -14.47231023 -14.47067711 -14.46668911 -14.46576818]  max|de|= -0.000322  lindep= 0.782
davidson 23 50  |r|= 0.0122  e= [-14.5921316  -14.5921316  -14.5921316  -14.58091841 -14.54439285
 -14.54439285 -14.54439285 -14.5200252  -14.52002512 -14.52002481
 -14.48216606 -14.4820748  -14.48200447 -14.48188143 -14.48086614
 -14.474107   -14.47260019 -14.47067711 -14.4668879  -14.46578772]  max|de|= -0.00029  lindep=  0.8
root 14 converged  |r|= 6.21e-06  e= -14.480866144130196  max|de|= 5.33e-15
davidson 24 20  |r|= 0.0122  e= [-14.5921316  -14.5921316  -14.5921316  -14.58091841 -14.54439285
 -14.54439285 -14.54439285 -14.5200252  -14.52002512 -14.52002481
 -14.48216606 -14.4820748  -14.48200447 -14.48188143 -14.48086614
 -14.474107   -14.47260019 -14.47067711 -14.4668879  -14.46578772]  max|de|= -3.55e-14  lindep= 0.928
davidson 25 34  |r|= 0.00761  e= [-14.5921316  -14.5921316  -14.5921316  -14.58091841 -14.54439285
 -14.54439285 -14.54439285 -14.5200252  -14.52002517 -14.52002504
 -14.48216612 -14.48209388 -14.48202663 -14.48195627 -14.48086614
 -14.47410752 -14.47283953 -14.47067711 -14.46708099 -14.46580011]  max|de|= -0.000239  lindep= 0.679
Old state -> New state
    5     ->     4 
    6     ->     5 
    4     ->     6 
root 4 converged  |r|= 5.33e-06  e= -14.544392850233734  max|de|= -4.82e-11
root 5 converged  |r|= 5.33e-06  e= -14.544392850233699  max|de|= -4.82e-11
davidson 26 48  |r|= 0.019  e= [-14.5921316  -14.5921316  -14.5921316  -14.58091841 -14.54439285
 -14.54439285 -14.54439285 -14.5200252  -14.52002519 -14.52002512
 -14.48216616 -14.48211822 -14.48206314 -14.48200092 -14.48086614
 -14.47410785 -14.47299579 -14.47067711 -14.4674622  -14.46580908]  max|de|= -0.000381  lindep= 0.702
Old state -> New state
   12     ->    11 
   11     ->    12 
   18     ->    17 
   17     ->    18 
   18     ->    19 
root 7 converged  |r|= 1.86e-06  e= -14.520025201084401  max|de|= -5.59e-11
davidson 27 60  |r|= 0.0799  e= [-14.5921316  -14.5921316  -14.5921316  -14.58091841 -14.54439285
 -14.54439285 -14.54439285 -14.5200252  -14.5200252  -14.5200252
 -14.48216619 -14.48216182 -14.48216052 -14.48214141 -14.48086614
 -14.47410829 -14.47385585 -14.47239501 -14.47067711 -14.46775392]  max|de|= -0.00493  lindep= 0.849
root 18 converged  |r|= 4.86e-06  e= -14.470677112626614  max|de|= 1.42e-14
davidson 28 20  |r|= 0.0799  e= [-14.5921316  -14.5921316  -14.5921316  -14.58091841 -14.54439285
 -14.54439285 -14.54439285 -14.5200252  -14.5200252  -14.5200252
 -14.48216619 -14.48216182 -14.48216052 -14.48214141 -14.48086614
 -14.47410829 -14.47385585 -14.47239501 -14.47067711 -14.46775392]  max|de|= 2.84e-14  lindep= 0.969
Old state -> New state
   19     ->    17 
   17     ->    18 
   18     ->    19 
davidson 29 30  |r|= 0.0268  e= [-14.5921316  -14.5921316  -14.5921316  -14.58091841 -14.54439285
 -14.54439285 -14.54439285 -14.5200252  -14.5200252  -14.5200252
 -14.48216619 -14.48216558 -14.48216544 -14.48216206 -14.48086614
 -14.47410834 -14.47404604 -14.47360107 -14.47264924 -14.47067711]  max|de|= -0.00585  lindep= 0.896
Old state -> New state
    9     ->     8 
    8     ->     9 
root 9 converged  |r|= 2.68e-06  e= -14.520025201062634  max|de|= -5.5e-11
davidson 30 40  |r|= 0.00684  e= [-14.5921316  -14.5921316  -14.5921316  -14.58091841 -14.54439285
 -14.54439285 -14.54439285 -14.5200252  -14.5200252  -14.5200252
 -14.4821662  -14.48216605 -14.48216575 -14.48216359 -14.48086614
 -14.47410835 -14.47406015 -14.47402623 -14.4726831  -14.47067711]  max|de|= -0.000425  lindep= 0.893
Old state -> New state
   17     ->    16 
   16     ->    17 
root 8 converged  |r|= 1.17e-06  e= -14.520025201085828  max|de|= -1.36e-11
davidson 31 49  |r|= 0.0029  e= [-14.5921316  -14.5921316  -14.5921316  -14.58091841 -14.54439285
 -14.54439285 -14.54439285 -14.5200252  -14.5200252  -14.5200252
 -14.4821662  -14.48216611 -14.48216584 -14.48216429 -14.48086614
 -14.47410835 -14.47408161 -14.47406738 -14.47268692 -14.47067711]  max|de|= -5.54e-05  lindep= 0.859
davidson 32 57  |r|= 0.00358  e= [-14.5921316  -14.5921316  -14.5921316  -14.58091841 -14.54439285
 -14.54439285 -14.54439285 -14.5200252  -14.5200252  -14.5200252
 -14.4821662  -14.48216616 -14.48216611 -14.48216545 -14.48086614
 -14.47410835 -14.47409018 -14.47408578 -14.47268825 -14.47067711]  max|de|= -1.84e-05  lindep= 0.708
root 10 converged  |r|= 5.64e-06  e= -14.482166195486162  max|de|= -5.33e-15
davidson 33 20  |r|= 0.00358  e= [-14.5921316  -14.5921316  -14.5921316  -14.58091841 -14.54439285
 -14.54439285 -14.54439285 -14.5200252  -14.5200252  -14.5200252
 -14.4821662  -14.48216616 -14.48216611 -14.48216545 -14.48086614
 -14.47410835 -14.47409018 -14.47408578 -14.47268825 -14.47067711]  max|de|= 3.2e-14  lindep= 0.78
Old state -> New state
    5     ->     4 
    4     ->     5 
    9     ->     8 
    8     ->     9 
   17     ->    16 
   16     ->    17 
davidson 34 27  |r|= 0.00114  e= [-14.5921316  -14.5921316  -14.5921316  -14.58091841 -14.54439285
 -14.54439285 -14.54439285 -14.5200252  -14.5200252  -14.5200252
 -14.4821662  -14.48216618 -14.48216617 -14.48216582 -14.48086614
 -14.47410836 -14.4740941  -14.47409329 -14.47268886 -14.47067711]  max|de|= -8.32e-06  lindep= 0.853
Old state -> New state
    5     ->     4 
    4     ->     5 
   17     ->    16 
   16     ->    17 
davidson 35 34  |r|= 0.00186  e= [-14.5921316  -14.5921316  -14.5921316  -14.58091841 -14.54439285
 -14.54439285 -14.54439285 -14.5200252  -14.5200252  -14.5200252
 -14.4821662  -14.48216618 -14.48216618 -14.48216596 -14.48086614
 -14.47410836 -14.47409792 -14.4740972  -14.47268971 -14.47067711]  max|de|= -4.63e-06  lindep= 0.887
davidson 36 41  |r|= 0.00151  e= [-14.5921316  -14.5921316  -14.5921316  -14.58091841 -14.54439285
 -14.54439285 -14.54439285 -14.5200252  -14.5200252  -14.5200252
 -14.4821662  -14.48216619 -14.48216618 -14.48216604 -14.48086614
 -14.47410836 -14.47410341 -14.47409933 -14.47269099 -14.47067711]  max|de|= -5.49e-06  lindep= 0.867
Old state -> New state
    2     ->     1 
    1     ->     2 
root 15 converged  |r|= 5.3e-06  e= -14.474108355484063  max|de|= -8.51e-11
davidson 37 48  |r|= 0.00134  e= [-14.5921316  -14.5921316  -14.5921316  -14.58091841 -14.54439285
 -14.54439285 -14.54439285 -14.5200252  -14.5200252  -14.5200252
 -14.4821662  -14.48216619 -14.48216619 -14.48216614 -14.48086614
 -14.47410836 -14.47410601 -14.47410353 -14.47269167 -14.47067711]  max|de|= -4.2e-06  lindep= 0.91
Old state -> New state
    2     ->     1 
    1     ->     2 
   12     ->    11 
   11     ->    12 
davidson 38 54  |r|= 0.00113  e= [-14.5921316  -14.5921316  -14.5921316  -14.58091841 -14.54439285
 -14.54439285 -14.54439285 -14.5200252  -14.5200252  -14.5200252
 -14.4821662  -14.4821662  -14.4821662  -14.48216618 -14.48086614
 -14.47410836 -14.47410724 -14.47410708 -14.47269205 -14.47067711]  max|de|= -3.55e-06  lindep= 0.922
davidson 39 20  |r|= 0.00113  e= [-14.5921316  -14.5921316  -14.5921316  -14.58091841 -14.54439285
 -14.54439285 -14.54439285 -14.5200252  -14.5200252  -14.5200252
 -14.4821662  -14.4821662  -14.4821662  -14.48216618 -14.48086614
 -14.47410836 -14.47410724 -14.47410708 -14.47269205 -14.47067711]  max|de|= -3.55e-14  lindep= 0.993
Old state -> New state
   17     ->    16 
   16     ->    17 
davidson 40 26  |r|= 0.000411  e= [-14.5921316  -14.5921316  -14.5921316  -14.58091841 -14.54439285
 -14.54439285 -14.54439285 -14.5200252  -14.5200252  -14.5200252
 -14.4821662  -14.4821662  -14.4821662  -14.48216619 -14.48086614
 -14.47410836 -14.47410785 -14.47410766 -14.4726922  -14.47067711]  max|de|= -7.73e-07  lindep= 0.918
root 11 converged  |r|= 1.95e-06  e= -14.482166195510217  max|de|= -3.15e-11
davidson 41 32  |r|= 0.000334  e= [-14.5921316  -14.5921316  -14.5921316  -14.58091841 -14.54439285
 -14.54439285 -14.54439285 -14.5200252  -14.5200252  -14.5200252
 -14.4821662  -14.4821662  -14.4821662  -14.48216619 -14.48086614
 -14.47410836 -14.47410813 -14.474108   -14.47269231 -14.47067711]  max|de|= -3.37e-07  lindep= 0.885
root 12 converged  |r|= 3.45e-06  e= -14.482166195492109  max|de|= -3.75e-11
davidson 42 37  |r|= 0.000243  e= [-14.5921316  -14.5921316  -14.5921316  -14.58091841 -14.54439285
 -14.54439285 -14.54439285 -14.5200252  -14.5200252  -14.5200252
 -14.4821662  -14.4821662  -14.4821662  -14.48216619 -14.48086614
 -14.47410836 -14.4741082  -14.47410815 -14.47269237 -14.47067711]  max|de|= -1.54e-07  lindep= 0.845
davidson 43 41  |r|= 0.000113  e= [-14.5921316  -14.5921316  -14.5921316  -14.58091841 -14.54439285
 -14.54439285 -14.54439285 -14.5200252  -14.5200252  -14.5200252
 -14.4821662  -14.4821662  -14.4821662  -14.4821662  -14.48086614
 -14.47410836 -14.47410823 -14.47410822 -14.47269239 -14.47067711]  max|de|= -6.31e-08  lindep= 0.927
Old state -> New state
   12     ->    11 
   11     ->    12 
davidson 44 45  |r|= 0.000167  e= [-14.5921316  -14.5921316  -14.5921316  -14.58091841 -14.54439285
 -14.54439285 -14.54439285 -14.5200252  -14.5200252  -14.5200252
 -14.4821662  -14.4821662  -14.4821662  -14.4821662  -14.48086614
 -14.47410836 -14.47410826 -14.47410825 -14.4726924  -14.47067711]  max|de|= -3.53e-08  lindep= 0.873
davidson 45 49  |r|= 0.000162  e= [-14.5921316  -14.5921316  -14.5921316  -14.58091841 -14.54439285
 -14.54439285 -14.54439285 -14.5200252  -14.5200252  -14.5200252
 -14.4821662  -14.4821662  -14.4821662  -14.4821662  -14.48086614
 -14.47410836 -14.47410832 -14.4741083  -14.47269242 -14.47067711]  max|de|= -5.87e-08  lindep= 0.898
root 13 converged  |r|= 3.18e-06  e= -14.482166195508642  max|de|= -5e-11
davidson 46 53  |r|= 8.66e-05  e= [-14.5921316  -14.5921316  -14.5921316  -14.58091841 -14.54439285
 -14.54439285 -14.54439285 -14.5200252  -14.5200252  -14.5200252
 -14.4821662  -14.4821662  -14.4821662  -14.4821662  -14.48086614
 -14.47410836 -14.47410835 -14.47410833 -14.47269243 -14.47067711]  max|de|= -3.36e-08  lindep= 0.941
davidson 47 20  |r|= 8.66e-05  e= [-14.5921316  -14.5921316  -14.5921316  -14.58091841 -14.54439285
 -14.54439285 -14.54439285 -14.5200252  -14.5200252  -14.5200252
 -14.4821662  -14.4821662  -14.4821662  -14.4821662  -14.48086614
 -14.47410836 -14.47410835 -14.47410833 -14.47269243 -14.47067711]  max|de|= 3.02e-14  lindep= 0.986
Old state -> New state
   11     ->    10 
   10     ->    11 
   13     ->    12 
   12     ->    13 
davidson 48 23  |r|= 4.28e-05  e= [-14.5921316  -14.5921316  -14.5921316  -14.58091841 -14.54439285
 -14.54439285 -14.54439285 -14.5200252  -14.5200252  -14.5200252
 -14.4821662  -14.4821662  -14.4821662  -14.4821662  -14.48086614
 -14.47410836 -14.47410835 -14.47410834 -14.47269243 -14.47067711]  max|de|= -7.25e-09  lindep= 0.917
Old state -> New state
   12     ->    11 
   11     ->    12 
davidson 49 26  |r|= 4.95e-05  e= [-14.5921316  -14.5921316  -14.5921316  -14.58091841 -14.54439285
 -14.54439285 -14.54439285 -14.5200252  -14.5200252  -14.5200252
 -14.4821662  -14.4821662  -14.4821662  -14.4821662  -14.48086614
 -14.47410836 -14.47410835 -14.47410834 -14.47269244 -14.47067711]  max|de|= -5.88e-09  lindep= 0.926
davidson 50 29  |r|= 5.03e-05  e= [-14.5921316  -14.5921316  -14.5921316  -14.58091841 -14.54439285
 -14.54439285 -14.54439285 -14.5200252  -14.5200252  -14.5200252
 -14.4821662  -14.4821662  -14.4821662  -14.4821662  -14.48086614
 -14.47410836 -14.47410835 -14.47410835 -14.47269244 -14.47067711]  max|de|= -5.23e-09  lindep= 0.926
Old state -> New state
   11     ->    10 
   10     ->    11 
davidson 51 32  |r|= 2.85e-05  e= [-14.5921316  -14.5921316  -14.5921316  -14.58091841 -14.54439285
 -14.54439285 -14.54439285 -14.5200252  -14.5200252  -14.5200252
 -14.4821662  -14.4821662  -14.4821662  -14.4821662  -14.48086614
 -14.47410836 -14.47410836 -14.47410835 -14.47269244 -14.47067711]  max|de|= -3.3e-09  lindep= 0.962
Old state -> New state
   11     ->    10 
   10     ->    11 
davidson 52 35  |r|= 2.54e-05  e= [-14.5921316  -14.5921316  -14.5921316  -14.58091841 -14.54439285
 -14.54439285 -14.54439285 -14.5200252  -14.5200252  -14.5200252
 -14.4821662  -14.4821662  -14.4821662  -14.4821662  -14.48086614
 -14.47410836 -14.47410836 -14.47410835 -14.47269244 -14.47067711]  max|de|= -1.57e-09  lindep= 0.916
davidson 53 38  |r|= 1.54e-05  e= [-14.5921316  -14.5921316  -14.5921316  -14.58091841 -14.54439285
 -14.54439285 -14.54439285 -14.5200252  -14.5200252  -14.5200252
 -14.4821662  -14.4821662  -14.4821662  -14.4821662  -14.48086614
 -14.47410836 -14.47410836 -14.47410835 -14.47269244 -14.47067711]  max|de|= -8.01e-10  lindep= 0.938
Old state -> New state
   11     ->    10 
   10     ->    11 
davidson 54 41  |r|= 2.28e-05  e= [-14.5921316  -14.5921316  -14.5921316  -14.58091841 -14.54439285
 -14.54439285 -14.54439285 -14.5200252  -14.5200252  -14.5200252
 -14.4821662  -14.4821662  -14.4821662  -14.4821662  -14.48086614
 -14.47410836 -14.47410836 -14.47410835 -14.47269244 -14.47067711]  max|de|= -7.9e-10  lindep= 0.919
Old state -> New state
   16     ->    15 
   15     ->    16 
davidson 55 44  |r|= 1.7e-05  e= [-14.5921316  -14.5921316  -14.5921316  -14.58091841 -14.54439285
 -14.54439285 -14.54439285 -14.5200252  -14.5200252  -14.5200252
 -14.4821662  -14.4821662  -14.4821662  -14.4821662  -14.48086614
 -14.47410836 -14.47410836 -14.47410836 -14.47269244 -14.47067711]  max|de|= -9.37e-10  lindep= 0.926
root 15 converged  |r|= 3.1e-06  e= -14.474108355533394  max|de|= -2.94e-11
davidson 56 47  |r|= 1.09e-05  e= [-14.5921316  -14.5921316  -14.5921316  -14.58091841 -14.54439285
 -14.54439285 -14.54439285 -14.5200252  -14.5200252  -14.5200252
 -14.4821662  -14.4821662  -14.4821662  -14.4821662  -14.48086614
 -14.47410836 -14.47410836 -14.47410836 -14.47269244 -14.47067711]  max|de|= -3.73e-10  lindep= 0.931
Old state -> New state
   17     ->    16 
   16     ->    17 
davidson 57 49  |r|= 5.46e-06  e= [-14.5921316  -14.5921316  -14.5921316  -14.58091841 -14.54439285
 -14.54439285 -14.54439285 -14.5200252  -14.5200252  -14.5200252
 -14.4821662  -14.4821662  -14.4821662  -14.4821662  -14.48086614
 -14.47410836 -14.47410836 -14.47410836 -14.47269244 -14.47067711]  max|de|= -1.31e-10  lindep= 0.943
Old state -> New state
   16     ->    15 
   15     ->    16 
root 15 converged  |r|= 2.66e-06  e= -14.474108355550799  max|de|= -2.2e-11
root 18 converged  |r|= 2.53e-06  e= -14.472692444565538  max|de|= -2.01e-11
converged 58 51  |r|= 5.46e-06  e= [-14.5921316  -14.5921316  -14.5921316  -14.58091841 -14.54439285
 -14.54439285 -14.54439285 -14.5200252  -14.5200252  -14.5200252
 -14.4821662  -14.4821662  -14.4821662  -14.4821662  -14.48086614
 -14.47410836 -14.47410836 -14.47410836 -14.47269244 -14.47067711]  max|de|= -2.2e-11
Calculating CAP matrix in AO basis using 16 threads.
Radial precision: 1.00e-18 Angular points: 590
Grid for atom 1 has: 198 radial points, 590 angular points, 116820 total points.
Verified overlap matrix.
Integration time:0.179804
Printing out matrices required for Perturbative CAP calculation.
Number of states: 20
Zeroth order Hamiltonian
-14.592132   0.000000   0.000000   0.000000   0.000000   0.000000   0.000000   0.000000   0.000000   0.000000   0.000000   0.000000   0.000000   0.000000   0.000000   0.000000   0.000000   0.000000   0.000000   0.000000
  0.000000 -14.592132   0.000000   0.000000   0.000000   0.000000   0.000000   0.000000   0.000000   0.000000   0.000000   0.000000   0.000000   0.000000   0.000000   0.000000   0.000000   0.000000   0.000000   0.000000
  0.000000   0.000000 -14.592132   0.000000   0.000000   0.000000   0.000000   0.000000   0.000000   0.000000   0.000000   0.000000   0.000000   0.000000   0.000000   0.000000   0.000000   0.000000   0.000000   0.000000
  0.000000   0.000000   0.000000 -14.580918   0.000000   0.000000   0.000000   0.000000   0.000000   0.000000   0.000000   0.000000   0.000000   0.000000   0.000000   0.000000   0.000000   0.000000   0.000000   0.000000
  0.000000   0.000000   0.000000   0.000000 -14.544393   0.000000   0.000000   0.000000   0.000000   0.000000   0.000000   0.000000   0.000000   0.000000   0.000000   0.000000   0.000000   0.000000   0.000000   0.000000
  0.000000   0.000000   0.000000   0.000000   0.000000 -14.544393   0.000000   0.000000   0.000000   0.000000   0.000000   0.000000   0.000000   0.000000   0.000000   0.000000   0.000000   0.000000   0.000000   0.000000
  0.000000   0.000000   0.000000   0.000000   0.000000   0.000000 -14.544393   0.000000   0.000000   0.000000   0.000000   0.000000   0.000000   0.000000   0.000000   0.000000   0.000000   0.000000   0.000000   0.000000
  0.000000   0.000000   0.000000   0.000000   0.000000   0.000000   0.000000 -14.520025   0.000000   0.000000   0.000000   0.000000   0.000000   0.000000   0.000000   0.000000   0.000000   0.000000   0.000000   0.000000
  0.000000   0.000000   0.000000   0.000000   0.000000   0.000000   0.000000   0.000000 -14.520025   0.000000   0.000000   0.000000   0.000000   0.000000   0.000000   0.000000   0.000000   0.000000   0.000000   0.000000
  0.000000   0.000000   0.000000   0.000000   0.000000   0.000000   0.000000   0.000000   0.000000 -14.520025   0.000000   0.000000   0.000000   0.000000   0.000000   0.000000   0.000000   0.000000   0.000000   0.000000
  0.000000   0.000000   0.000000   0.000000   0.000000   0.000000   0.000000   0.000000   0.000000   0.000000 -14.482166   0.000000   0.000000   0.000000   0.000000   0.000000   0.000000   0.000000   0.000000   0.000000
  0.000000   0.000000   0.000000   0.000000   0.000000   0.000000   0.000000   0.000000   0.000000   0.000000   0.000000 -14.482166   0.000000   0.000000   0.000000   0.000000   0.000000   0.000000   0.000000   0.000000
  0.000000   0.000000   0.000000   0.000000   0.000000   0.000000   0.000000   0.000000   0.000000   0.000000   0.000000   0.000000 -14.482166   0.000000   0.000000   0.000000   0.000000   0.000000   0.000000   0.000000
  0.000000   0.000000   0.000000   0.000000   0.000000   0.000000   0.000000   0.000000   0.000000   0.000000   0.000000   0.000000   0.000000 -14.482166   0.000000   0.000000   0.000000   0.000000   0.000000   0.000000
  0.000000   0.000000   0.000000   0.000000   0.000000   0.000000   0.000000   0.000000   0.000000   0.000000   0.000000   0.000000   0.000000   0.000000 -14.480866   0.000000   0.000000   0.000000   0.000000   0.000000
  0.000000   0.000000   0.000000   0.000000   0.000000   0.000000   0.000000   0.000000   0.000000   0.000000   0.000000   0.000000   0.000000   0.000000   0.000000 -14.474108   0.000000   0.000000   0.000000   0.000000
  0.000000   0.000000   0.000000   0.000000   0.000000   0.000000   0.000000   0.000000   0.000000   0.000000   0.000000   0.000000   0.000000   0.000000   0.000000   0.000000 -14.474108   0.000000   0.000000   0.000000
  0.000000   0.000000   0.000000   0.000000   0.000000   0.000000   0.000000   0.000000   0.000000   0.000000   0.000000   0.000000   0.000000   0.000000   0.000000   0.000000   0.000000 -14.474108   0.000000   0.000000
  0.000000   0.000000   0.000000   0.000000   0.000000   0.000000   0.000000   0.000000   0.000000   0.000000   0.000000   0.000000   0.000000   0.000000   0.000000   0.000000   0.000000   0.000000 -14.472692   0.000000
  0.000000   0.000000   0.000000   0.000000   0.000000   0.000000   0.000000   0.000000   0.000000   0.000000   0.000000   0.000000   0.000000   0.000000   0.000000   0.000000   0.000000   0.000000   0.000000 -14.470677
CAP Matrix
-1.055824e+01 -4.149105e-10  2.930230e-10 -2.067172e-08  1.397459e-02 -5.854425e-04 -1.231010e+01 -2.378537e-11 -5.467439e-10  4.807625e-09 -7.465748e-11  6.118497e-09  2.858385e-11  1.175366e-12 -3.948952e-06 -7.612079e-09 -2.024743e-09  8.439920e-11  2.960841e-08  4.582733e+00
-4.149113e-10 -1.055827e+01  6.065502e-10  8.073922e-08  1.225340e+01  1.180558e+00  1.385408e-02  4.480745e-11  1.417315e-09 -7.963762e-09 -8.171690e-10 -3.011643e-08 -6.448974e-11 -7.563129e-11  7.883686e-10  8.283495e-08 -2.846611e-09 -1.585450e-11 -4.334581e-08  5.143398e-05
 2.930211e-10  6.065498e-10 -1.055827e+01  4.947360e-10  1.180557e+00 -1.225341e+01  1.922930e-03 -1.790392e-12 -3.743620e-10  2.022612e-09  7.519041e-10  3.795389e-09  1.056437e-11  5.916703e-12 -2.530518e-10  1.008447e-09  3.552601e-09  6.651186e-11 -1.395948e-08  5.081149e-05
-2.067172e-08  8.073922e-08  4.947360e-10 -1.675082e+01 -3.830367e-07 -4.470823e-08  2.390763e-07 -9.130187e-10 -6.907511e-09 -2.943467e-07  5.812431e-09  3.698102e-06  8.737429e-09 -3.962703e-09 -7.036245e-08 -1.435239e-04  3.012632e-07  9.428933e-09 -5.385407e-01  1.067768e-06
 1.397459e-02  1.225340e+01  1.180557e+00 -3.830367e-07 -1.781772e+01  8.094495e-10  1.075553e-08 -7.925864e-11 -1.539821e-09  5.503449e-08 -3.417802e-10  9.523282e-08  2.044513e-10  3.359841e-11  3.975187e-09 -1.498047e-07  1.291564e-09 -4.796335e-13  1.909739e-07 -1.989339e-03
-5.854425e-04  1.180558e+00 -1.225341e+01 -4.470823e-08  8.094532e-10 -1.781772e+01 -1.735674e-10  2.933667e-11  1.295526e-09  5.161639e-09 -2.046777e-10  8.929516e-09  1.121986e-11  2.751725e-12 -3.617207e-10 -1.663330e-08  7.971846e-10 -4.072331e-13  2.443047e-08  9.971815e-05
-1.231010e+01  1.385408e-02  1.922930e-03  2.390763e-07  1.075554e-08 -1.735639e-10 -1.781773e+01  2.575719e-10  5.552738e-09 -1.754310e-08 -4.050616e-10  5.169868e-10  5.229713e-12  2.816845e-11 -3.978004e-06  1.350295e-08 -6.450623e-09  2.029648e-11 -3.186970e-07  1.733701e+00
-2.378537e-11  4.480745e-11 -1.790392e-12 -9.130187e-10 -7.925864e-11  2.933667e-11  2.575719e-10 -5.352120e+00 -2.683564e-08  2.394399e-09  8.118808e-08  5.851519e-08 -2.546378e-05 -7.541833e-09 -5.302813e-11  1.115192e-08 -7.868753e-06 -3.082633e-04 -2.616963e-08  3.679129e-10
-5.467439e-10  1.417315e-09 -3.743620e-10 -6.907511e-09 -1.539821e-09  1.295526e-09  5.552738e-09 -2.683564e-08 -5.352121e+00 -1.302497e-08  4.776518e-06 -1.587326e-08  8.099805e-07  5.695532e-09 -1.115451e-09 -2.346225e-07 -2.669798e-04  6.044701e-06  5.848887e-08  7.312317e-09
 4.807625e-09 -7.963762e-09  2.022612e-09 -2.943467e-07  5.503449e-08  5.161639e-09 -1.754310e-08  2.394400e-09 -1.302497e-08 -5.352117e+00  1.610143e-08  1.187395e-06  2.636861e-08  9.113225e-10  4.388637e-09  2.524671e-05 -8.795379e-07  2.744948e-07 -3.015005e-05 -8.237663e-08
-7.465748e-11 -8.171690e-10  7.519041e-10  5.812431e-09 -3.417802e-10 -2.046777e-10 -4.050616e-10  8.118808e-08  4.776518e-06  1.610143e-08 -1.618450e+01 -6.562995e-09 -4.086650e-08  2.694611e-08  3.934054e-10  1.785704e-08 -1.417346e-05 -2.340555e-07 -3.154740e-08 -7.701719e-09
 6.118497e-09 -3.011643e-08  3.795389e-09  3.698102e-06  9.523282e-08  8.929516e-09  5.169868e-10  5.851519e-08 -1.587326e-08  1.187395e-06 -6.562994e-09 -1.618451e+01  5.294560e-08  4.561810e-08 -8.004537e-09  3.876953e-05  4.663697e-09  2.001423e-07 -3.659787e-05  1.473786e-07
 2.858385e-11 -6.448974e-11  1.056437e-11  8.737429e-09  2.044513e-10  1.121986e-11  5.229712e-12 -2.546378e-05  8.099805e-07  2.636861e-08 -4.086650e-08  5.294560e-08 -1.618453e+01  5.093539e-08 -2.127830e-11  8.857892e-08  1.205989e-06 -8.380797e-05 -8.419394e-08  2.680329e-10
 1.175366e-12 -7.563129e-11  5.916703e-12 -3.962703e-09  3.359840e-11  2.751726e-12  2.816845e-11 -7.541833e-09  5.695532e-09  9.113202e-10  2.694611e-08  4.561810e-08  5.093539e-08 -1.618470e+01 -9.060263e-12  3.246438e-08 -7.025659e-10 -2.548208e-08 -4.238102e-08  1.201120e-10
-3.948952e-06  7.883686e-10 -2.530517e-10 -7.036245e-08  3.975187e-09 -3.617207e-10 -3.978004e-06 -5.302813e-11 -1.115451e-09  4.388637e-09  3.934054e-10 -8.004537e-09 -2.127830e-11 -9.060263e-12 -1.648399e+01 -8.839181e-09  1.663304e-09 -1.058227e-11  9.899016e-08  5.773417e-07
-7.612079e-09  8.283495e-08  1.008447e-09 -1.435239e-04 -1.498047e-07 -1.663330e-08  1.350295e-08  1.115192e-08 -2.346225e-07  2.524671e-05  1.785704e-08  3.876953e-05  8.857892e-08  3.246438e-08 -8.839181e-09 -2.274992e+01  1.014008e-07  4.683641e-09  1.761693e-05  1.958025e-07
-2.024743e-09 -2.846611e-09  3.552601e-09  3.012632e-07  1.291564e-09  7.971846e-10 -6.450623e-09 -7.868753e-06 -2.669798e-04 -8.795379e-07 -1.417346e-05  4.663699e-09  1.205989e-06 -7.025644e-10  1.663304e-09  1.014008e-07 -2.274980e+01  4.152038e-06 -1.725325e-07 -5.131772e-09
 8.439920e-11 -1.585450e-11  6.651186e-11  9.428933e-09 -4.796335e-13 -4.072335e-13  2.029648e-11 -3.082633e-04  6.044701e-06  2.744948e-07 -2.340555e-07  2.001423e-07 -8.380797e-05 -2.548208e-08 -1.058227e-11  4.683641e-09  4.152038e-06 -2.275006e+01 -1.266254e-08 -4.891746e-10
 2.960841e-08 -4.334581e-08 -1.395948e-08 -5.385407e-01  1.909739e-07  2.443047e-08 -3.186970e-07 -2.616963e-08  5.848887e-08 -3.015005e-05 -3.154740e-08 -3.659787e-05 -8.419394e-08 -4.238102e-08  9.899016e-08  1.761693e-05 -1.725325e-07 -1.266254e-08 -2.005925e+01 -1.604112e-06
 4.582733e+00  5.143398e-05  5.081149e-05  1.067768e-06 -1.989339e-03  9.971815e-05  1.733701e+00  3.679129e-10  7.312317e-09 -8.237663e-08 -7.701719e-09  1.473786e-07  2.680329e-10  1.201120e-10  5.773417e-07  1.958025e-07 -5.131772e-09 -4.891747e-10 -1.604112e-06 -1.803048e+01
